


ARM Macro Assembler    Page 1 


    1 00000000                 PRESERVE8
    2 00000000                 THUMB
    3 00000000         
    4 00000000                 AREA             RESET, DATA, READONLY
    5 00000000                 EXPORT           __Vectors
    6 00000000         
    7 00000000 20000000 
                       __Vectors
                               DCD              0x20000000  ; Top of Stack
    8 00000004 00000000        DCD              Reset_Handler ; Reset Handler
    9 00000008 00000000        DCD              0           ; NMI Handler
   10 0000000C 00000000        DCD              0           ; Hard Fault Handle
                                                            r
   11 00000010 00000000        DCD              0           ; Reserved
   12 00000014 00000000        DCD              0           ; Reserved
   13 00000018 00000000        DCD              0           ; Reserved
   14 0000001C 00000000        DCD              0           ; Reserved
   15 00000020 00000000        DCD              0           ; Reserved
   16 00000024 00000000        DCD              0           ; Reserved
   17 00000028 00000000        DCD              0           ; Reserved
   18 0000002C 00000000        DCD              0           ; SVCall Handler
   19 00000030 00000000        DCD              0           ; Reserved
   20 00000034 00000000        DCD              0           ; Reserved
   21 00000038 00000000        DCD              0           ; PendSV Handler
   22 0000003C 00000000        DCD              0           ; SysTick Handler
   23 00000040 00000000        DCD              0           ; IRQ0 Handler
   24 00000044         
   25 00000044                 AREA             |.text|, CODE, READONLY
   26 00000000         
   27 00000000         ; Reset Handler
   28 00000000         
   29 00000000         Reset_Handler
                               PROC
   30 00000000                 GLOBAL           Reset_Handler
   31 00000000                 ENTRY
   32 00000000 4A1A            LDR              R2, =0x40000020 ;R2 GPIO OUT re
                                                            g addr
   33 00000002 1D13            ADDS             R3, R2, #4  ;R3 GPIO IN reg add
                                                            r
   34 00000004 1D1C            ADDS             R4, R3, #4  ;R4 GPIO OUTen reg 
                                                            addr
   35 00000006         
   36 00000006 4E1A    GPIO    LDR              R6, =0x00   ;GPIO INPUT ENABLE 
                                                            VALUE
   37 00000008 6026            STR              R6, [R4]    ;Set input ENABLE
   38 0000000A 681D            LDR              R5, [R3]    ;read GPIO value
   39 0000000C         
   40 0000000C 4E19            LDR              R6, =0x01   ;GPIO OUTPUT ENABLE
                                                             VALUE
   41 0000000E 6026            STR              R6, [R4]    ;Set OUTPUT ENABLE
   42 00000010         
   43 00000010 4E19            LDR              R6, =0XFE   ;GPIO_0 Set value
   44 00000012 6016            STR              R6, [R2]    ;store
   45 00000014 2101            MOVS             R1, #1      ;Interval cnt initi
                                                            al
   46 00000016 F000 F824       BL               delay
   47 0000001A 4E18            LDR              R6, =0XFD   ;GPIO_1 Set value
   48 0000001C 6016            STR              R6, [R2]    ;store
   49 0000001E 2101            MOVS             R1, #1      ;Interval cnt initi



ARM Macro Assembler    Page 2 


                                                            al
   50 00000020 F000 F81F       BL               delay
   51 00000024 4E16            LDR              R6, =0XFB   ;GPIO_2 Set value
   52 00000026 6016            STR              R6, [R2]    ;store
   53 00000028 2101            MOVS             R1, #1      ;Interval cnt initi
                                                            al
   54 0000002A F000 F81A       BL               delay
   55 0000002E 4E15            LDR              R6, =0XF7   ;GPIO_3 Set value
   56 00000030 6016            STR              R6, [R2]    ;store
   57 00000032 2101            MOVS             R1, #1      ;Interval cnt initi
                                                            al
   58 00000034 F000 F815       BL               delay
   59 00000038 4E13            LDR              R6, =0XEF   ;GPIO_4 Set value
   60 0000003A 6016            STR              R6, [R2]    ;store
   61 0000003C 2101            MOVS             R1, #1      ;Interval cnt initi
                                                            al
   62 0000003E F000 F810       BL               delay
   63 00000042 4E12            LDR              R6, =0XDF   ;GPIO_5 Set value
   64 00000044 6016            STR              R6, [R2]    ;store
   65 00000046 2101            MOVS             R1, #1      ;Interval cnt initi
                                                            al
   66 00000048 F000 F80B       BL               delay
   67 0000004C 4E10            LDR              R6, =0XBF   ;GPIO_6 Set value
   68 0000004E 6016            STR              R6, [R2]    ;store
   69 00000050 2101            MOVS             R1, #1      ;Interval cnt initi
                                                            al
   70 00000052 F000 F806       BL               delay
   71 00000056 4E0F            LDR              R6, =0X7F   ;GPIO_7 Set value
   72 00000058 6016            STR              R6, [R2]    ;store
   73 0000005A 2101            MOVS             R1, #1      ;Interval cnt initi
                                                            al
   74 0000005C F000 F801       BL               delay
   75 00000060 E7D1            B                GPIO
   76 00000062         
   77 00000062 1C49    delay   ADDS             R1,R1,#1
   78 00000064 480C            LDR              R0,=0X180000
   79 00000066 4288            CMP              R0,R1
   80 00000068 D1FB            BNE              delay
   81 0000006A 4770            BX               LR
   82 0000006C         ;;;;;;;;;;;;;;;;;;;;;;
   83 0000006C         
   84 0000006C                 ENDP
   85 0000006C         
   86 0000006C                 END
              40000020 
              00000000 
              00000001 
              000000FE 
              000000FD 
              000000FB 
              000000F7 
              000000EF 
              000000DF 
              000000BF 
              0000007F 
              00180000 
Command Line: --debug --xref --diag_suppress=9931 --cpu=Cortex-M0 --apcs=interw
ork --depend=.\startup_cmsdk_cm0.d -o.\startup_cmsdk_cm0.o -ID:\Anlogic_M0\M0_E
xperiments\Experiments\Task2\gpio\keil\RTE -I"D:\Ksoftware\Keil for Arm\ARM\PAC



ARM Macro Assembler    Page 3 


K\Keil\V2M-MPS2_CMx_BSP\1.8.0" -I"D:\Ksoftware\Keil for Arm\ARM\CMSIS\Include" 
-I"D:\Ksoftware\Keil for Arm\ARM\PACK\Keil\V2M-MPS2_CMx_BSP\1.8.0\Device\CMSDK_
CM0\Include" --predefine="__UVISION_VERSION SETA 514" --predefine="CMSDK_CM0 SE
TA 1" --list=.\listings\startup_cmsdk_cm0.lst startup_CMSDK_CM0.s



ARM Macro Assembler    Page 1 Alphabetic symbol ordering
Relocatable symbols

RESET 00000000

Symbol: RESET
   Definitions
      At line 4 in file startup_CMSDK_CM0.s
   Uses
      None
Comment: RESET unused
__Vectors 00000000

Symbol: __Vectors
   Definitions
      At line 7 in file startup_CMSDK_CM0.s
   Uses
      At line 5 in file startup_CMSDK_CM0.s
Comment: __Vectors used once
2 symbols



ARM Macro Assembler    Page 1 Alphabetic symbol ordering
Relocatable symbols

.text 00000000

Symbol: .text
   Definitions
      At line 25 in file startup_CMSDK_CM0.s
   Uses
      None
Comment: .text unused
GPIO 00000006

Symbol: GPIO
   Definitions
      At line 36 in file startup_CMSDK_CM0.s
   Uses
      At line 75 in file startup_CMSDK_CM0.s
Comment: GPIO used once
Reset_Handler 00000000

Symbol: Reset_Handler
   Definitions
      At line 29 in file startup_CMSDK_CM0.s
   Uses
      At line 8 in file startup_CMSDK_CM0.s
      At line 30 in file startup_CMSDK_CM0.s

delay 00000062

Symbol: delay
   Definitions
      At line 77 in file startup_CMSDK_CM0.s
   Uses
      At line 46 in file startup_CMSDK_CM0.s
      At line 50 in file startup_CMSDK_CM0.s
      At line 54 in file startup_CMSDK_CM0.s
      At line 58 in file startup_CMSDK_CM0.s
      At line 62 in file startup_CMSDK_CM0.s
      At line 66 in file startup_CMSDK_CM0.s
      At line 70 in file startup_CMSDK_CM0.s
      At line 74 in file startup_CMSDK_CM0.s
      At line 80 in file startup_CMSDK_CM0.s

4 symbols
340 symbols in table
