============================================================
   Tang Dynasty, V5.6.119222
      Copyright (c) 2012-2024 Anlogic Inc.
   Executable = C:/Anlogic/TD_5.6.5_Release_119.222/bin/td.exe
   Built at =   17:28:21 May 30 2024
   Run by =     senlong2020
   Run Date =   Wed Apr 15 00:03:56 2026

   Run on =     DESKTOP-M2L0J57
============================================================
RUN-1002 : start command "open_project Task4.prj -phy"
RUN-1002 : start command "import_device eagle_20.db -package EG4X20BG256"
ARC-1001 : Device Initialization.
ARC-1001 : ------------------------------------------------------------------
ARC-1001 :            OPTION            |          IO          |   SETTING   
ARC-1001 : ------------------------------------------------------------------
ARC-1001 :   cso_b/cclk/mosi/miso/dout  |  T3/R11/T10/P10/M14  |    gpio    
ARC-1001 :             done             |         P13          |    gpio    
ARC-1001 :           program_b          |          T2          |  dedicate  
ARC-1001 :        tdi/tms/tck/tdo       |   C12/A15/C14/E14    |  dedicate  
ARC-1001 : ------------------------------------------------------------------
ARC-1004 : Device setting, marked 5 dedicate IOs in total.
RUN-1002 : start command "import_db ../syn_1/Task4_gate.db"
RUN-1001 : Importing database generated by Tang Dynasty, V5.6.119222.
RUN-1001 : Database version number 46146.
RUN-1001 : Import flow parameters
RUN-1001 : Import IO constraints
RUN-1001 : Import Inst constraints
RUN-1001 : Import design success TD_VERSION=5.6.119222 , DB_VERSION=46146
RUN-1002 : start command "place"
RUN-1001 : Open license file C:/Anlogic/TD_5.6.5_Release_119.222/license/Anlogic.lic
RUN-1001 : Print Global Property
RUN-1001 : ---------------------------------------------------------------
RUN-1001 :        Parameters        |  Settings  |  Default Values  |  Note  
RUN-1001 : ---------------------------------------------------------------
RUN-1001 :          message         |  standard  |     standard     |        
RUN-1001 :   mixed_pack_place_flow  |     on     |        on        |        
RUN-1001 :        qor_monitor       |    off     |       off        |        
RUN-1001 :        syn_ip_flow       |    off     |       off        |        
RUN-1001 :          thread          |    auto    |       auto       |        
RUN-1001 : ---------------------------------------------------------------
RUN-1001 : Print Place Property
RUN-1001 : --------------------------------------------------------------
RUN-1001 :        Parameters       |  Settings  |  Default Values  |  Note  
RUN-1001 : --------------------------------------------------------------
RUN-1001 :      detailed_place     |     on     |        on        |        
RUN-1001 :          effort         |   medium   |      medium      |        
RUN-1001 :         fix_hold        |    off     |       off        |        
RUN-1001 :       legalization      |    new     |       new        |        
RUN-1001 :      new_spreading      |     on     |        on        |        
RUN-1001 :        opt_timing       |   medium   |      medium      |        
RUN-1001 :   post_clock_route_opt  |    off     |       off        |        
RUN-1001 :       pr_strategy       |     1      |        1         |        
RUN-1001 :        relaxation       |    1.00    |       1.00       |        
RUN-1001 :         retiming        |    off     |       off        |        
RUN-1001 : --------------------------------------------------------------
PHY-3001 : Placer runs in 16 thread(s).
RUN-1002 : start command "legalize_phy_inst"
SYN-1011 : Flatten model CortexM0_SoC
RUN-1002 : start command "phys_opt -simplify_lut"
SYN-4024 : Net "clk_dup_4" drives clk pins.
SYN-4024 : Net "SWCLK_dup_1" drives clk pins.
SYN-4025 : Tag rtl::Net SWCLK_dup_1 as clock net
SYN-4025 : Tag rtl::Net clk_dup_4 as clock net
SYN-4026 : Tagged 2 rtl::Net as clock net
PHY-1001 : Populate physical database on model CortexM0_SoC.
RUN-1001 : There are total 6779 instances
RUN-0007 : 5096 luts, 1537 seqs, 71 mslices, 41 lslices, 20 pads, 8 brams, 3 dsps
RUN-1001 : There are total 7161 nets
RUN-1001 : 3864 nets have 2 pins
RUN-1001 : 2384 nets have [3 - 5] pins
RUN-1001 : 503 nets have [6 - 10] pins
RUN-1001 : 222 nets have [11 - 20] pins
RUN-1001 : 183 nets have [21 - 99] pins
RUN-1001 : 5 nets have 100+ pins
RUN-1001 : Report Control nets information:
RUN-1001 : DFF Distribution
RUN-1001 : ----------------------------------
RUN-1001 :   CE   |  SSR  |  ASR  |  DFF Count  
RUN-1001 : ----------------------------------
RUN-1001 :   No   |  No   |  No   |     204     
RUN-1001 :   No   |  No   |  Yes  |     417     
RUN-1001 :   No   |  Yes  |  No   |      0      
RUN-1001 :   Yes  |  No   |  No   |     771     
RUN-1001 :   Yes  |  No   |  Yes  |     105     
RUN-1001 :   Yes  |  Yes  |  No   |     40      
RUN-1001 : ----------------------------------
RUN-0007 : Control Group Statistic
RUN-0007 : ---------------------------
RUN-0007 :   #CLK  |  #CE  |  #SSR/ASR  
RUN-0007 : ---------------------------
RUN-0007 :    2    |  39   |     4      
RUN-0007 : ---------------------------
RUN-0007 : Control Set = 44
PHY-3001 : Initial placement ...
PHY-3001 : design contains 6777 instances, 5096 luts, 1537 seqs, 112 slices, 13 macros(112 instances: 71 mslices 41 lslices)
PHY-0007 : Cell area utilization is 27%
PHY-3001 : Global placement ...
PHY-3001 : Initial: Len = 1.70408e+06
PHY-3001 : Clustering ...
PHY-3001 : Level 0 #clusters 6777.
PHY-3001 : End clustering;  0.000008s wall, 0.000000s user + 0.000000s system = 0.000000s CPU (n/a%)

PHY-3001 : Run with size of 4
PHY-3001 : Cell area utilization is 27%
PHY-3001 : :::0::: Try harder cell spreading with beta_ = 0
PHY-3002 : Step(1): len = 1.37456e+06, overlap = 42.75
PHY-3002 : Step(2): len = 1.06683e+06, overlap = 53.0312
PHY-3002 : Step(3): len = 693052, overlap = 115.562
PHY-3002 : Step(4): len = 560415, overlap = 191.594
PHY-3002 : Step(5): len = 433339, overlap = 226.375
PHY-3002 : Step(6): len = 382769, overlap = 253.125
PHY-3002 : Step(7): len = 301510, overlap = 277.938
PHY-3002 : Step(8): len = 289207, overlap = 286.031
PHY-3002 : Step(9): len = 251007, overlap = 290.219
PHY-3002 : Step(10): len = 249092, overlap = 296.625
PHY-3002 : Step(11): len = 227521, overlap = 301.312
PHY-3002 : Step(12): len = 226612, overlap = 305.125
PHY-3002 : Step(13): len = 217173, overlap = 305.219
PHY-3001 : :::1::: Try harder cell spreading with beta_ = 3.90515e-06
PHY-3002 : Step(14): len = 218264, overlap = 301.188
PHY-3002 : Step(15): len = 220054, overlap = 300.906
PHY-3002 : Step(16): len = 217983, overlap = 302.688
PHY-3002 : Step(17): len = 219177, overlap = 302.469
PHY-3002 : Step(18): len = 222192, overlap = 302.469
PHY-3002 : Step(19): len = 218081, overlap = 288.406
PHY-3002 : Step(20): len = 219905, overlap = 269.781
PHY-3002 : Step(21): len = 223259, overlap = 244.531
PHY-3002 : Step(22): len = 216419, overlap = 243.188
PHY-3002 : Step(23): len = 212215, overlap = 242.344
PHY-3002 : Step(24): len = 210780, overlap = 239.938
PHY-3002 : Step(25): len = 207422, overlap = 246.031
PHY-3002 : Step(26): len = 204335, overlap = 249.844
PHY-3002 : Step(27): len = 198725, overlap = 246.031
PHY-3002 : Step(28): len = 197943, overlap = 246.188
PHY-3002 : Step(29): len = 194206, overlap = 251.875
PHY-3002 : Step(30): len = 191666, overlap = 259.125
PHY-3002 : Step(31): len = 190347, overlap = 256.656
PHY-3002 : Step(32): len = 189767, overlap = 255.656
PHY-3002 : Step(33): len = 186680, overlap = 253.875
PHY-3002 : Step(34): len = 186511, overlap = 249.312
PHY-3002 : Step(35): len = 186003, overlap = 248.969
PHY-3002 : Step(36): len = 183211, overlap = 247.438
PHY-3002 : Step(37): len = 182441, overlap = 246.062
PHY-3002 : Step(38): len = 183901, overlap = 244.406
PHY-3002 : Step(39): len = 182864, overlap = 239.375
PHY-3002 : Step(40): len = 182790, overlap = 237.125
PHY-3002 : Step(41): len = 182775, overlap = 235.875
PHY-3001 : :::2::: Try harder cell spreading with beta_ = 7.81029e-06
PHY-3002 : Step(42): len = 184434, overlap = 236.75
PHY-3002 : Step(43): len = 185943, overlap = 238.312
PHY-3002 : Step(44): len = 188977, overlap = 238.562
PHY-3001 : Before Legalized: Len = 188977
PHY-3001 : Legalization ...
PHY-3001 : End legalization;  0.005087s wall, 0.015625s user + 0.000000s system = 0.015625s CPU (307.1%)

PHY-3001 : After Legalized: Len = 217439, Over = 195.812
PHY-3001 : Run with size of 4
PHY-3001 : Cell area utilization is 33%
PHY-3001 : Analyzing congestion ...
RUN-1001 : Generating global routing grids ...
RUN-1001 : Building simple global routing graph ...
PHY-1001 : Generate routing nets ...
PHY-1001 : Reuse net number 0/7161.
PHY-1001 : Global iterations in 16 thread ...
PHY-1002 : len = 258592, over cnt = 1108(3%), over = 9111, worst = 90
PHY-1001 : End global iterations;  0.266622s wall, 0.328125s user + 0.015625s system = 0.343750s CPU (128.9%)

PHY-1001 : Congestion index: top1 = 153.02, top5 = 101.46, top10 = 71.62, top15 = 54.09.
PHY-3001 : End congestion estimation;  0.337948s wall, 0.406250s user + 0.015625s system = 0.421875s CPU (124.8%)

PHY-3001 : Update density targets...
PHY-3001 : Update congestion history...
PHY-3001 : :::0::: Try harder cell spreading with beta_ = 5.72308e-07
PHY-3002 : Step(45): len = 196772, overlap = 316.906
PHY-3002 : Step(46): len = 195266, overlap = 330.25
PHY-3002 : Step(47): len = 178814, overlap = 345.125
PHY-3002 : Step(48): len = 169221, overlap = 354.562
PHY-3002 : Step(49): len = 167502, overlap = 359.656
PHY-3002 : Step(50): len = 158722, overlap = 372.062
PHY-3002 : Step(51): len = 154420, overlap = 383.625
PHY-3002 : Step(52): len = 152558, overlap = 385.938
PHY-3002 : Step(53): len = 147247, overlap = 389.875
PHY-3002 : Step(54): len = 142930, overlap = 398.688
PHY-3002 : Step(55): len = 142276, overlap = 401.094
PHY-3002 : Step(56): len = 136171, overlap = 407.25
PHY-3002 : Step(57): len = 136154, overlap = 409.625
PHY-3002 : Step(58): len = 136830, overlap = 411.562
PHY-3001 : :::1::: Try harder cell spreading with beta_ = 1.14462e-06
PHY-3002 : Step(59): len = 135446, overlap = 409.875
PHY-3002 : Step(60): len = 136082, overlap = 409.312
PHY-3002 : Step(61): len = 138504, overlap = 406.625
PHY-3001 : :::2::: Try harder cell spreading with beta_ = 2.28923e-06
PHY-3002 : Step(62): len = 144954, overlap = 399.844
PHY-3002 : Step(63): len = 149082, overlap = 399.188
PHY-3002 : Step(64): len = 161400, overlap = 378.969
PHY-3002 : Step(65): len = 168986, overlap = 366.719
PHY-3002 : Step(66): len = 172500, overlap = 355.688
PHY-3002 : Step(67): len = 172168, overlap = 341.938
PHY-3002 : Step(68): len = 173307, overlap = 335.812
PHY-3002 : Step(69): len = 174148, overlap = 326.781
PHY-3001 : :::3::: Try harder cell spreading with beta_ = 4.57846e-06
PHY-3002 : Step(70): len = 183770, overlap = 322.406
PHY-3002 : Step(71): len = 187716, overlap = 319.5
PHY-3002 : Step(72): len = 196862, overlap = 309.219
PHY-3002 : Step(73): len = 203794, overlap = 289.562
PHY-3002 : Step(74): len = 208804, overlap = 256.062
PHY-3002 : Step(75): len = 211028, overlap = 236.812
PHY-3002 : Step(76): len = 211344, overlap = 221.938
PHY-3002 : Step(77): len = 210864, overlap = 222.938
PHY-3002 : Step(78): len = 210014, overlap = 222.406
PHY-3001 : :::4::: Try harder cell spreading with beta_ = 9.15692e-06
PHY-3002 : Step(79): len = 220820, overlap = 205.062
PHY-3002 : Step(80): len = 233610, overlap = 193.406
PHY-3002 : Step(81): len = 245500, overlap = 179.406
PHY-3002 : Step(82): len = 247906, overlap = 181.969
PHY-3002 : Step(83): len = 244878, overlap = 172.812
PHY-3002 : Step(84): len = 243362, overlap = 173.094
PHY-3002 : Step(85): len = 243960, overlap = 171.781
PHY-3002 : Step(86): len = 243397, overlap = 170.875
PHY-3002 : Step(87): len = 244209, overlap = 169.438
PHY-3002 : Step(88): len = 244720, overlap = 168.25
PHY-3001 : :::5::: Try harder cell spreading with beta_ = 1.83138e-05
PHY-3002 : Step(89): len = 256253, overlap = 143.656
PHY-3002 : Step(90): len = 265006, overlap = 125.812
PHY-3002 : Step(91): len = 273338, overlap = 105.438
PHY-3002 : Step(92): len = 276626, overlap = 101.906
PHY-3002 : Step(93): len = 278485, overlap = 97.0625
PHY-3002 : Step(94): len = 277017, overlap = 92.5
PHY-3002 : Step(95): len = 275169, overlap = 90.4688
PHY-3002 : Step(96): len = 275574, overlap = 87.0625
PHY-3001 : :::6::: Try harder cell spreading with beta_ = 3.66277e-05
PHY-3002 : Step(97): len = 292920, overlap = 66.1562
PHY-3002 : Step(98): len = 301339, overlap = 62
PHY-3002 : Step(99): len = 310450, overlap = 47.4688
PHY-3002 : Step(100): len = 308985, overlap = 41.9062
PHY-3002 : Step(101): len = 309708, overlap = 38.5938
PHY-3002 : Step(102): len = 308566, overlap = 35.0312
PHY-3001 : :::7::: Try harder cell spreading with beta_ = 7.32554e-05
PHY-3002 : Step(103): len = 324208, overlap = 25.7188
PHY-3002 : Step(104): len = 336865, overlap = 23.25
PHY-3002 : Step(105): len = 350414, overlap = 20.6562
PHY-3002 : Step(106): len = 346121, overlap = 16.5938
PHY-3002 : Step(107): len = 343966, overlap = 12.75
PHY-3002 : Step(108): len = 343937, overlap = 9.625
PHY-3002 : Step(109): len = 344713, overlap = 6.96875
PHY-3002 : Step(110): len = 345708, overlap = 6.59375
PHY-3002 : Step(111): len = 346009, overlap = 5.34375
PHY-3001 : :::8::: Try harder cell spreading with beta_ = 0.000146511
PHY-3002 : Step(112): len = 362405, overlap = 1.4375
PHY-3002 : Step(113): len = 371562, overlap = 1.59375
PHY-3002 : Step(114): len = 377687, overlap = 1.15625
PHY-3002 : Step(115): len = 380306, overlap = 0.90625
PHY-3002 : Step(116): len = 381120, overlap = 2.125
PHY-3002 : Step(117): len = 377832, overlap = 2.5625
PHY-3002 : Step(118): len = 375717, overlap = 2.6875
PHY-3002 : Step(119): len = 375631, overlap = 2.1875
PHY-3001 : Run with size of 2
PHY-3001 : Cell area utilization is 33%
PHY-3001 : Analyzing congestion ...
RUN-1001 : Generating global routing grids ...
PHY-1001 : Generate routing nets ...
PHY-1001 : Reuse net number 1/7161.
PHY-1001 : Global iterations in 16 thread ...
PHY-1002 : len = 460216, over cnt = 1244(3%), over = 4716, worst = 52
PHY-1001 : End global iterations;  0.299632s wall, 0.468750s user + 0.000000s system = 0.468750s CPU (156.4%)

PHY-1001 : Congestion index: top1 = 64.46, top5 = 49.83, top10 = 42.83, top15 = 38.64.
PHY-3001 : End congestion estimation;  0.390265s wall, 0.562500s user + 0.000000s system = 0.562500s CPU (144.1%)

PHY-3001 : Update density targets...
PHY-3001 : Update congestion history...
PHY-3001 : :::0::: Try harder cell spreading with beta_ = 9.09727e-05
PHY-3002 : Step(120): len = 375860, overlap = 12.8438
PHY-3002 : Step(121): len = 375866, overlap = 11.6562
PHY-3002 : Step(122): len = 366879, overlap = 13.5312
PHY-3002 : Step(123): len = 349033, overlap = 18.3125
PHY-3002 : Step(124): len = 339420, overlap = 23.4062
PHY-3002 : Step(125): len = 326088, overlap = 20.5312
PHY-3002 : Step(126): len = 317932, overlap = 23.2812
PHY-3002 : Step(127): len = 313701, overlap = 25.2812
PHY-3002 : Step(128): len = 308412, overlap = 26.3438
PHY-3002 : Step(129): len = 307515, overlap = 26.4062
PHY-3002 : Step(130): len = 306807, overlap = 28.4375
PHY-3002 : Step(131): len = 306681, overlap = 27.9375
PHY-3002 : Step(132): len = 306623, overlap = 28
PHY-3001 : :::1::: Try harder cell spreading with beta_ = 0.000181945
PHY-3002 : Step(133): len = 316122, overlap = 22.7812
PHY-3002 : Step(134): len = 322486, overlap = 19.8125
PHY-3002 : Step(135): len = 328103, overlap = 19.4375
PHY-3002 : Step(136): len = 331880, overlap = 15.0938
PHY-3002 : Step(137): len = 334704, overlap = 13.9688
PHY-3002 : Step(138): len = 334552, overlap = 15.5625
PHY-3002 : Step(139): len = 334486, overlap = 15.75
PHY-3002 : Step(140): len = 334157, overlap = 15.2188
PHY-3001 : :::2::: Try harder cell spreading with beta_ = 0.000363891
PHY-3002 : Step(141): len = 338117, overlap = 10.9062
PHY-3002 : Step(142): len = 342364, overlap = 11.5625
PHY-3002 : Step(143): len = 351866, overlap = 7.59375
PHY-3002 : Step(144): len = 355372, overlap = 5.90625
PHY-3002 : Step(145): len = 357300, overlap = 6.40625
PHY-3002 : Step(146): len = 359895, overlap = 6.15625
PHY-3002 : Step(147): len = 360838, overlap = 5.09375
PHY-3002 : Step(148): len = 361624, overlap = 4.875
PHY-3002 : Step(149): len = 362335, overlap = 5.09375
PHY-3001 : :::3::: Try harder cell spreading with beta_ = 0.000688237
PHY-3002 : Step(150): len = 364927, overlap = 4.25
PHY-3002 : Step(151): len = 368038, overlap = 4.875
PHY-3002 : Step(152): len = 373834, overlap = 5.625
PHY-3002 : Step(153): len = 378203, overlap = 5.15625
PHY-3002 : Step(154): len = 381104, overlap = 4.40625
PHY-3002 : Step(155): len = 384704, overlap = 4.5625
PHY-3002 : Step(156): len = 388306, overlap = 5.34375
PHY-3002 : Step(157): len = 389073, overlap = 4.6875
PHY-3002 : Step(158): len = 389675, overlap = 4.9375
PHY-3002 : Step(159): len = 389997, overlap = 4.6875
PHY-3002 : Step(160): len = 389606, overlap = 4.84375
PHY-3002 : Step(161): len = 389425, overlap = 5.15625
PHY-3002 : Step(162): len = 389326, overlap = 5.03125
PHY-3001 : :::4::: Try harder cell spreading with beta_ = 0.00133464
PHY-3002 : Step(163): len = 391796, overlap = 5.09375
PHY-3002 : Step(164): len = 394772, overlap = 4.4375
PHY-3002 : Step(165): len = 399563, overlap = 4.40625
PHY-3002 : Step(166): len = 401776, overlap = 4.5625
PHY-3002 : Step(167): len = 403645, overlap = 3.625
PHY-3002 : Step(168): len = 405651, overlap = 2.6875
PHY-3002 : Step(169): len = 407718, overlap = 2.9375
PHY-3002 : Step(170): len = 409788, overlap = 2.75
PHY-3002 : Step(171): len = 411058, overlap = 3.0625
PHY-3002 : Step(172): len = 411586, overlap = 3.625
PHY-3002 : Step(173): len = 411753, overlap = 2.71875
PHY-3001 : :::5::: Try harder cell spreading with beta_ = 0.00233387
PHY-3002 : Step(174): len = 412426, overlap = 2.5625
PHY-3002 : Step(175): len = 414403, overlap = 3.125
PHY-3002 : Step(176): len = 415414, overlap = 2.28125
OPT-1001 : Start physical optimization ...
OPT-1001 : Total overflow 78.91 peak overflow 1.12
OPT-1001 : Start high-fanout net optimization ...
OPT-1001 : Update timing in global mode
PHY-1001 : Start incremental global routing, caller is place ...
RUN-1001 : Generating global routing grids ...
PHY-1001 : Generate routing nets ...
PHY-1001 : Reuse net number 178/7161.
PHY-1001 : Global iterations in 16 thread ...
PHY-1002 : len = 524368, over cnt = 1143(3%), over = 3417, worst = 24
PHY-1001 : End global iterations;  0.320649s wall, 0.500000s user + 0.031250s system = 0.531250s CPU (165.7%)

PHY-1001 : Congestion index: top1 = 51.92, top5 = 41.29, top10 = 36.32, top15 = 33.41.
PHY-1001 : End incremental global routing;  0.416969s wall, 0.593750s user + 0.031250s system = 0.625000s CPU (149.9%)

RUN-1002 : start command "start_timer -report"
TMR-5001 WARNING: No sdc constraints found while initiating timer.
TMR-2505 : Start building timing graph for model CortexM0_SoC.
TMR-2506 : Build timing graph completely. Port num: 7, tpin num: 31533, tnet num: 7159, tinst num: 6777, tnode num: 36165, tedge num: 50898.
TMR-2508 : Levelizing timing graph completed, there are 57 levels in total.
TMR-2501 : Timing graph initialized successfully.
OPT-1001 : End timing update;  0.219396s wall, 0.218750s user + 0.000000s system = 0.218750s CPU (99.7%)

OPT-1001 : 0 high-fanout net processed.
OPT-1001 : End high-fanout net optimization;  0.719014s wall, 0.890625s user + 0.031250s system = 0.921875s CPU (128.2%)

OPT-1001 : Current memory(MB): used = 305, reserve = 287, peak = 305.
OPT-1001 : End physical optimization;  0.766714s wall, 0.937500s user + 0.031250s system = 0.968750s CPU (126.4%)

PHY-3001 : Start packing ...
SYN-4007 : Packing 0 MUX to BLE ...
SYN-4008 : Packed 0 MUX and 0 SEQ to BLE.
SYN-4007 : Packing 5096 LUT to BLE ...
SYN-4008 : Packed 5096 LUT and 729 SEQ to BLE.
SYN-4003 : Packing 808 remaining SEQ's ...
SYN-4005 : Packed 783 SEQ with LUT/SLICE
SYN-4006 : 3586 single LUT's are left
SYN-4006 : 25 single SEQ's are left
SYN-4011 : Packing model "CortexM0_SoC" (AL_USER_NORMAL) with 5121/5267 primitive instances ...
PHY-3001 : End packing;  0.225728s wall, 0.218750s user + 0.000000s system = 0.218750s CPU (96.9%)

PHY-1001 : Populate physical database on model CortexM0_SoC.
RUN-1001 : There are total 2970 instances
RUN-1001 : 1468 mslices, 1468 lslices, 20 pads, 8 brams, 3 dsps
RUN-1001 : There are total 6586 nets
RUN-1001 : 3091 nets have 2 pins
RUN-1001 : 2488 nets have [3 - 5] pins
RUN-1001 : 578 nets have [6 - 10] pins
RUN-1001 : 232 nets have [11 - 20] pins
RUN-1001 : 193 nets have [21 - 99] pins
RUN-1001 : 4 nets have 100+ pins
PHY-3001 : design contains 2968 instances, 2936 slices, 13 macros(112 instances: 71 mslices 41 lslices)
PHY-3001 : Cell area utilization is 36%
PHY-3001 : After packing: Len = 431936, Over = 19
PHY-3001 : Run with size of 2
PHY-3001 : Cell area utilization is 36%
PHY-3001 : Analyzing congestion ...
RUN-1001 : Generating global routing grids ...
PHY-1001 : Generate routing nets ...
PHY-1001 : Reuse net number 3422/6586.
PHY-1001 : Global iterations in 16 thread ...
PHY-1002 : len = 544576, over cnt = 931(2%), over = 2012, worst = 16
PHY-1002 : len = 553280, over cnt = 492(1%), over = 855, worst = 14
PHY-1002 : len = 559352, over cnt = 108(0%), over = 171, worst = 12
PHY-1002 : len = 560360, over cnt = 38(0%), over = 50, worst = 4
PHY-1002 : len = 560928, over cnt = 0(0%), over = 0, worst = 0
PHY-1001 : End global iterations;  0.501209s wall, 0.671875s user + 0.000000s system = 0.671875s CPU (134.1%)

PHY-1001 : Congestion index: top1 = 44.98, top5 = 37.81, top10 = 34.44, top15 = 32.19.
PHY-3001 : End congestion estimation;  0.624860s wall, 0.796875s user + 0.000000s system = 0.796875s CPU (127.5%)

PHY-3001 : Update density targets...
PHY-3001 : Update congestion history...
PHY-3001 : :::0::: Try harder cell spreading with beta_ = 5.05387e-05
PHY-3002 : Step(177): len = 413468, overlap = 27
PHY-3002 : Step(178): len = 394118, overlap = 40.5
PHY-3002 : Step(179): len = 382807, overlap = 39
PHY-3002 : Step(180): len = 373141, overlap = 38.75
PHY-3002 : Step(181): len = 361635, overlap = 56.75
PHY-3002 : Step(182): len = 352534, overlap = 55.75
PHY-3002 : Step(183): len = 345483, overlap = 58.25
PHY-3002 : Step(184): len = 340674, overlap = 61.5
PHY-3002 : Step(185): len = 336829, overlap = 61.75
PHY-3002 : Step(186): len = 334584, overlap = 61
PHY-3002 : Step(187): len = 333135, overlap = 61.5
PHY-3002 : Step(188): len = 332354, overlap = 62
PHY-3001 : :::1::: Try harder cell spreading with beta_ = 0.000101077
PHY-3002 : Step(189): len = 346164, overlap = 49
PHY-3002 : Step(190): len = 361731, overlap = 32.25
PHY-3002 : Step(191): len = 361070, overlap = 31.25
PHY-3002 : Step(192): len = 362319, overlap = 31.25
PHY-3002 : Step(193): len = 365520, overlap = 33
PHY-3002 : Step(194): len = 369590, overlap = 32.5
PHY-3002 : Step(195): len = 372777, overlap = 35.5
PHY-3002 : Step(196): len = 374602, overlap = 31.75
PHY-3001 : :::2::: Try harder cell spreading with beta_ = 0.000202155
PHY-3002 : Step(197): len = 384148, overlap = 28.25
PHY-3002 : Step(198): len = 400545, overlap = 19.25
PHY-3002 : Step(199): len = 405501, overlap = 19.5
PHY-3002 : Step(200): len = 407225, overlap = 22
PHY-3002 : Step(201): len = 412187, overlap = 19
PHY-3002 : Step(202): len = 416577, overlap = 17.75
PHY-3002 : Step(203): len = 420404, overlap = 19.25
PHY-3002 : Step(204): len = 421857, overlap = 19.25
PHY-3002 : Step(205): len = 422761, overlap = 20.5
PHY-3002 : Step(206): len = 423708, overlap = 19
PHY-3001 : :::3::: Try harder cell spreading with beta_ = 0.000382874
PHY-3002 : Step(207): len = 430364, overlap = 19
PHY-3002 : Step(208): len = 438412, overlap = 16
PHY-3002 : Step(209): len = 440286, overlap = 13.25
PHY-3002 : Step(210): len = 443058, overlap = 11.75
PHY-3002 : Step(211): len = 447264, overlap = 11.75
PHY-3002 : Step(212): len = 450897, overlap = 9
PHY-3002 : Step(213): len = 451162, overlap = 7.25
PHY-3002 : Step(214): len = 451728, overlap = 7
PHY-3002 : Step(215): len = 452619, overlap = 6.5
PHY-3002 : Step(216): len = 452447, overlap = 5.75
PHY-3002 : Step(217): len = 451425, overlap = 7.5
PHY-3002 : Step(218): len = 450953, overlap = 7.5
PHY-3001 : :::4::: Try harder cell spreading with beta_ = 0.000719894
PHY-3002 : Step(219): len = 454791, overlap = 7.5
PHY-3002 : Step(220): len = 459720, overlap = 5.5
PHY-3002 : Step(221): len = 462018, overlap = 5.25
PHY-3002 : Step(222): len = 462436, overlap = 7
PHY-3002 : Step(223): len = 462458, overlap = 6.5
PHY-3001 : :::5::: Try harder cell spreading with beta_ = 0.00134879
PHY-3002 : Step(224): len = 465371, overlap = 6.25
PHY-3002 : Step(225): len = 468062, overlap = 6.5
PHY-3002 : Step(226): len = 472124, overlap = 6.75
PHY-3002 : Step(227): len = 474160, overlap = 6.25
PHY-3002 : Step(228): len = 474396, overlap = 6
PHY-3002 : Step(229): len = 473741, overlap = 5.75
PHY-3001 : Before Legalized: Len = 473741
PHY-3001 : Legalization ...
PHY-3001 : End legalization;  1.480629s wall, 1.218750s user + 3.265625s system = 4.484375s CPU (302.9%)

PHY-3001 : After Legalized: Len = 487036, Over = 0
PHY-3001 : Trial Legalized: Len = 487036
PHY-3001 : Run with size of 2
PHY-3001 : Cell area utilization is 36%
PHY-3001 : Analyzing congestion ...
RUN-1001 : Generating global routing grids ...
PHY-1001 : Generate routing nets ...
PHY-1001 : Reuse net number 45/6586.
PHY-1001 : Global iterations in 16 thread ...
PHY-1002 : len = 591840, over cnt = 737(2%), over = 1151, worst = 8
PHY-1002 : len = 595768, over cnt = 362(1%), over = 497, worst = 5
PHY-1002 : len = 599176, over cnt = 135(0%), over = 179, worst = 5
PHY-1002 : len = 600504, over cnt = 49(0%), over = 58, worst = 2
PHY-1002 : len = 601192, over cnt = 0(0%), over = 0, worst = 0
PHY-1001 : End global iterations;  0.572002s wall, 0.875000s user + 0.093750s system = 0.968750s CPU (169.4%)

PHY-1001 : Congestion index: top1 = 45.47, top5 = 39.46, top10 = 36.03, top15 = 33.63.
PHY-3001 : End congestion estimation;  0.694642s wall, 0.984375s user + 0.093750s system = 1.078125s CPU (155.2%)

PHY-3001 : Update density targets...
PHY-3001 : Update congestion history...
PHY-3001 : :::0::: Try harder cell spreading with beta_ = 0.000125187
PHY-3002 : Step(230): len = 457492, overlap = 4.5
PHY-3002 : Step(231): len = 444155, overlap = 9.5
PHY-3002 : Step(232): len = 435225, overlap = 12.5
PHY-3002 : Step(233): len = 426813, overlap = 12.5
PHY-3002 : Step(234): len = 420280, overlap = 14
PHY-3002 : Step(235): len = 414550, overlap = 14.75
PHY-3002 : Step(236): len = 410687, overlap = 18
PHY-3002 : Step(237): len = 408292, overlap = 15.5
PHY-3002 : Step(238): len = 406754, overlap = 17.5
PHY-3002 : Step(239): len = 405425, overlap = 15.5
PHY-3001 : Before Legalized: Len = 405425
PHY-3001 : Legalization ...
PHY-3001 : End legalization;  0.006547s wall, 0.015625s user + 0.000000s system = 0.015625s CPU (238.7%)

PHY-3001 : After Legalized: Len = 414109, Over = 0
PHY-3001 : Legalized: Len = 414109, Over = 0
PHY-3001 : Spreading special nets. 9 overflows in 2952 tiles.
PHY-3001 : End spreading;  0.014291s wall, 0.015625s user + 0.000000s system = 0.015625s CPU (109.3%)

PHY-3001 : 13 instances has been re-located, deltaX = 0, deltaY = 7, maxDist = 1.
PHY-3001 : Final: Len = 414199, Over = 0
OPT-1001 : Start physical optimization ...
OPT-1001 : Total overflow 0.00 peak overflow 0.00
OPT-1001 : Start high-fanout net optimization ...
OPT-1001 : Update timing in global mode
PHY-1001 : Start incremental global routing, caller is place ...
RUN-1001 : Generating global routing grids ...
PHY-1001 : Generate routing nets ...
PHY-1001 : Reuse net number 170/6586.
PHY-1001 : Global iterations in 16 thread ...
PHY-1002 : len = 511368, over cnt = 836(2%), over = 1332, worst = 7
PHY-1002 : len = 516848, over cnt = 378(1%), over = 524, worst = 7
PHY-1002 : len = 520528, over cnt = 135(0%), over = 180, worst = 5
PHY-1002 : len = 522064, over cnt = 41(0%), over = 53, worst = 3
PHY-1002 : len = 522640, over cnt = 0(0%), over = 0, worst = 0
PHY-1001 : End global iterations;  0.563488s wall, 0.750000s user + 0.015625s system = 0.765625s CPU (135.9%)

PHY-1001 : Congestion index: top1 = 46.10, top5 = 38.97, top10 = 35.43, top15 = 33.26.
PHY-1001 : End incremental global routing;  0.669329s wall, 0.859375s user + 0.015625s system = 0.875000s CPU (130.7%)

RUN-1002 : start command "start_timer -report"
TMR-5001 WARNING: No sdc constraints found while initiating timer.
TMR-2505 : Start building timing graph for model CortexM0_SoC.
TMR-2506 : Build timing graph completely. Port num: 7, tpin num: 30855, tnet num: 6584, tinst num: 2968, tnode num: 34837, tedge num: 51580.
TMR-2508 : Levelizing timing graph completed, there are 55 levels in total.
TMR-2501 : Timing graph initialized successfully.
OPT-1001 : End timing update;  0.349240s wall, 0.328125s user + 0.015625s system = 0.343750s CPU (98.4%)

OPT-1001 : 0 high-fanout net processed.
OPT-1001 : End high-fanout net optimization;  1.118861s wall, 1.281250s user + 0.031250s system = 1.312500s CPU (117.3%)

OPT-1001 : Current memory(MB): used = 333, reserve = 315, peak = 333.
OPT-1001 : Update timing in Manhattan mode
OPT-1001 : End timing update;  0.008374s wall, 0.015625s user + 0.000000s system = 0.015625s CPU (186.6%)

OPT-1001 : Start pin optimization...
OPT-1001 : skip pin optimization...
RUN-1001 : Generating global routing grids ...
PHY-1001 : Generate routing nets ...
PHY-1001 : Reuse net number 6184/6586.
PHY-1001 : Global iterations in 16 thread ...
PHY-1002 : len = 522640, over cnt = 0(0%), over = 0, worst = 0
PHY-1001 : End global iterations;  0.023389s wall, 0.015625s user + 0.000000s system = 0.015625s CPU (66.8%)

PHY-1001 : Congestion index: top1 = 46.10, top5 = 38.97, top10 = 35.43, top15 = 33.26.
OPT-1001 : Update timing in Manhattan mode
OPT-1001 : End timing update;  0.010169s wall, 0.015625s user + 0.000000s system = 0.015625s CPU (153.7%)

RUN-1001 : QoR Analysis:
OPT-0007 :   WNS 2147483647 TNS 0 NUM_FEPS 0
RUN-1001 :   No local congestion issue, and most congested 1% tile average routing util is 45.620690
RUN-1001 :   Top critical paths
OPT-1001 : End physical optimization;  1.313834s wall, 1.484375s user + 0.031250s system = 1.515625s CPU (115.4%)

RUN-1003 : finish command "place" in  10.951372s wall, 18.093750s user + 10.109375s system = 28.203125s CPU (257.5%)

RUN-1004 : used memory is 283 MB, reserved memory is 264 MB, peak memory is 338 MB
RUN-1002 : start command "export_db Task4_place.db"
RUN-1001 : Exported /
RUN-1001 : Exported flow parameters
RUN-1001 : Exported libs
RUN-1001 : Exported entities
RUN-1001 : Exported ports
RUN-1001 : Exported pins
RUN-1001 : Exported instances
RUN-1001 : Exported nets
RUN-1001 : Exported buses
RUN-1001 : Exported models
RUN-1001 : Exported congestions
RUN-1001 : Exported violations
RUN-1001 : Exported IO constraints
RUN-1001 : Exported Inst constraints
RUN-1002 : start command "route"
RUN-1001 : Open license file C:/Anlogic/TD_5.6.5_Release_119.222/license/Anlogic.lic
RUN-1001 : Print Global Property
RUN-1001 : ---------------------------------------------------------------
RUN-1001 :        Parameters        |  Settings  |  Default Values  |  Note  
RUN-1001 : ---------------------------------------------------------------
RUN-1001 :          message         |  standard  |     standard     |        
RUN-1001 :   mixed_pack_place_flow  |     on     |        on        |        
RUN-1001 :        qor_monitor       |    off     |       off        |        
RUN-1001 :        syn_ip_flow       |    off     |       off        |        
RUN-1001 :          thread          |    auto    |       auto       |        
RUN-1001 : ---------------------------------------------------------------
RUN-1001 : Print Route Property
RUN-1001 : -------------------------------------------------------
RUN-1001 :    Parameters    |  Settings  |  Default Values  |  Note  
RUN-1001 : -------------------------------------------------------
RUN-1001 :      effort      |   medium   |      medium      |        
RUN-1001 :     fix_hold     |    off     |       off        |        
RUN-1001 :    opt_timing    |   medium   |      medium      |        
RUN-1001 :   phy_sim_model  |    off     |       off        |        
RUN-1001 :     priority     |   timing   |      timing      |        
RUN-1001 :     swap_pin     |     on     |        on        |        
RUN-1001 : -------------------------------------------------------
PHY-1001 : Route runs in 16 thread(s)
RUN-1001 : There are total 2970 instances
RUN-1001 : 1468 mslices, 1468 lslices, 20 pads, 8 brams, 3 dsps
RUN-1001 : There are total 6586 nets
RUN-1001 : 3091 nets have 2 pins
RUN-1001 : 2488 nets have [3 - 5] pins
RUN-1001 : 578 nets have [6 - 10] pins
RUN-1001 : 232 nets have [11 - 20] pins
RUN-1001 : 193 nets have [21 - 99] pins
RUN-1001 : 4 nets have 100+ pins
RUN-1002 : start command "start_timer -report"
TMR-5001 WARNING: No sdc constraints found while initiating timer.
TMR-2505 : Start building timing graph for model CortexM0_SoC.
TMR-2506 : Build timing graph completely. Port num: 7, tpin num: 30855, tnet num: 6584, tinst num: 2968, tnode num: 34837, tedge num: 51580.
TMR-2508 : Levelizing timing graph completed, there are 55 levels in total.
TMR-2501 : Timing graph initialized successfully.
PHY-1001 : 1468 mslices, 1468 lslices, 20 pads, 8 brams, 3 dsps
TMR-2503 : Start to update net delay, extr mode = 3.
TMR-2504 : Update delay of 6584 nets completely.
TMR-2502 : Annotate delay completely, extr mode = 3.
TMR-3002 : No user constraint, initiate default constraint.
TMR-1501 : Assign derive clock DeriveClock to 2470 clock pins, and constraint 3980 relative nodes.
TMR-3003 : Constraints initiated successfully.
TMR-3501 : Forward propagation: start to calculate arrival time...
TMR-3502 : Backward propagation: start to calculate required time...
TMR-3503 : Timing propagation completes.
PHY-1001 : Start global routing, caller is route ...
RUN-1001 : Generating global routing grids ...
PHY-1001 : Generate routing nets ...
PHY-1001 : Global iterations in 16 thread ...
PHY-1002 : len = 510024, over cnt = 834(2%), over = 1334, worst = 7
PHY-1002 : len = 515552, over cnt = 374(1%), over = 518, worst = 7
PHY-1002 : len = 519144, over cnt = 130(0%), over = 185, worst = 5
PHY-1002 : len = 521128, over cnt = 0(0%), over = 0, worst = 0
PHY-1001 : End global iterations;  0.487633s wall, 0.750000s user + 0.000000s system = 0.750000s CPU (153.8%)

PHY-1001 : Congestion index: top1 = 46.06, top5 = 38.90, top10 = 35.39, top15 = 33.20.
PHY-1001 : End global routing;  0.596758s wall, 0.859375s user + 0.000000s system = 0.859375s CPU (144.0%)

PHY-1001 : Start detail routing ...
PHY-1001 : Current memory(MB): used = 390, reserve = 374, peak = 390.
PHY-1001 : Detailed router is running in normal mode.
PHY-1001 : Generate detailed routing grids ...
PHY-1001 : Generate nets ...
PHY-1001 : net SWCLK_dup_1 will be routed on clock mesh
PHY-1001 : net clk_dup_4 will be routed on clock mesh
PHY-1001 : Current memory(MB): used = 642, reserve = 629, peak = 642.
PHY-1001 : End build detailed router design. 2.104913s wall, 2.046875s user + 0.046875s system = 2.093750s CPU (99.5%)

PHY-1001 : Detail Route ...
PHY-1001 : ===== Detail Route Phase 1 =====
PHY-1001 : Clock net routing.....
PHY-1001 : Routed 0% nets.
PHY-1022 : len = 69984, over cnt = 0(0%), over = 0, worst = 0, crit = 0
PHY-1001 : End initial clock net routed; 0.341720s wall, 0.250000s user + 0.093750s system = 0.343750s CPU (100.6%)

PHY-1001 : Current memory(MB): used = 675, reserve = 664, peak = 675.
PHY-1001 : End phase 1; 0.344281s wall, 0.250000s user + 0.093750s system = 0.343750s CPU (99.8%)

PHY-1001 : ===== Detail Route Phase 2 =====
PHY-1001 : Initial routing.....
PHY-1001 : Routed 39% nets.
PHY-1001 : Routed 46% nets.
PHY-1001 : Routed 55% nets.
PHY-1001 : Routed 70% nets.
PHY-1001 : Routed 98% nets.
PHY-1022 : len = 1.53649e+06, over cnt = 324(0%), over = 327, worst = 2, crit = 0
PHY-1001 : Current memory(MB): used = 678, reserve = 666, peak = 678.
PHY-1001 : End initial routed; 12.525990s wall, 20.234375s user + 0.453125s system = 20.687500s CPU (165.2%)

PHY-1001 : Current memory(MB): used = 678, reserve = 666, peak = 678.
PHY-1001 : End phase 2; 12.526027s wall, 20.234375s user + 0.453125s system = 20.687500s CPU (165.2%)

PHY-1001 : ===== Detail Route Phase 3 =====
PHY-1001 : Ripup-reroute.....
PHY-1001 : ===== DR Iter 1 =====
PHY-1022 : len = 1.52472e+06, over cnt = 90(0%), over = 90, worst = 1, crit = 0
PHY-1001 : End DR Iter 1; 0.392138s wall, 0.500000s user + 0.000000s system = 0.500000s CPU (127.5%)

PHY-1001 : ===== DR Iter 2 =====
PHY-1022 : len = 1.52314e+06, over cnt = 13(0%), over = 13, worst = 1, crit = 0
PHY-1001 : End DR Iter 2; 0.156737s wall, 0.218750s user + 0.046875s system = 0.265625s CPU (169.5%)

PHY-1001 : ===== DR Iter 3 =====
PHY-1022 : len = 1.52294e+06, over cnt = 2(0%), over = 2, worst = 1, crit = 0
PHY-1001 : End DR Iter 3; 0.075715s wall, 0.078125s user + 0.000000s system = 0.078125s CPU (103.2%)

PHY-1001 : ===== DR Iter 4 =====
PHY-1022 : len = 1.52274e+06, over cnt = 1(0%), over = 1, worst = 1, crit = 0
PHY-1001 : End DR Iter 4; 0.080466s wall, 0.078125s user + 0.015625s system = 0.093750s CPU (116.5%)

PHY-1001 : ===== DR Iter 5 =====
PHY-1022 : len = 1.52274e+06, over cnt = 1(0%), over = 1, worst = 1, crit = 0
PHY-1001 : End DR Iter 5; 0.100040s wall, 0.093750s user + 0.000000s system = 0.093750s CPU (93.7%)

PHY-1001 : ===== DR Iter 6 =====
PHY-1022 : len = 1.52274e+06, over cnt = 1(0%), over = 1, worst = 1, crit = 0
PHY-1001 : End DR Iter 6; 0.150496s wall, 0.156250s user + 0.000000s system = 0.156250s CPU (103.8%)

PHY-1001 : ===== DR Iter 7 =====
PHY-1022 : len = 1.52274e+06, over cnt = 1(0%), over = 1, worst = 1, crit = 0
PHY-1001 : End DR Iter 7; 0.198609s wall, 0.203125s user + 0.000000s system = 0.203125s CPU (102.3%)

PHY-1001 : ===== DR Iter 8 =====
PHY-1022 : len = 1.52275e+06, over cnt = 1(0%), over = 1, worst = 1, crit = 0
PHY-1001 : End DR Iter 8; 0.062087s wall, 0.062500s user + 0.000000s system = 0.062500s CPU (100.7%)

PHY-1001 : ==== DR Iter 9 ====
PHY-1022 : len = 1.52273e+06, over cnt = 1(0%), over = 1, worst = 1, crit = 0
PHY-1001 : End DR Iter 9; 0.062195s wall, 0.062500s user + 0.000000s system = 0.062500s CPU (100.5%)

PHY-1001 : ==== DR Iter 10 ====
PHY-1022 : len = 1.52272e+06, over cnt = 0(0%), over = 0, worst = 0, crit = 0
PHY-1001 : End DR Iter 10; 0.067725s wall, 0.062500s user + 0.000000s system = 0.062500s CPU (92.3%)

PHY-1001 : Commit to database.....
PHY-1001 : 95 feed throughs used by 57 nets
PHY-1001 : End commit to database; 0.630294s wall, 0.625000s user + 0.015625s system = 0.640625s CPU (101.6%)

PHY-1001 : Current memory(MB): used = 730, reserve = 720, peak = 730.
PHY-1001 : End phase 3; 2.097076s wall, 2.250000s user + 0.078125s system = 2.328125s CPU (111.0%)

PHY-1003 : Routed, final wirelength = 1.52272e+06
PHY-1001 : Current memory(MB): used = 732, reserve = 722, peak = 732.
PHY-1001 : End export database. 0.033825s wall, 0.031250s user + 0.000000s system = 0.031250s CPU (92.4%)

PHY-1001 : End detail routing;  17.294164s wall, 25.000000s user + 0.671875s system = 25.671875s CPU (148.4%)

RUN-1003 : finish command "route" in  18.509888s wall, 26.484375s user + 0.671875s system = 27.156250s CPU (146.7%)

RUN-1004 : used memory is 630 MB, reserved memory is 619 MB, peak memory is 732 MB
RUN-1002 : start command "report_area -io_info -file Task4_phy.area"
RUN-1001 : standard
***Report Model: CortexM0_SoC Device: EG4X20BG256***

IO Statistics
#IO                        20
  #input                    7
  #output                  12
  #inout                    1

Utilization Statistics
#lut                     5639   out of  19600   28.77%
#reg                     1537   out of  19600    7.84%
#le                      5664
  #lut only              4127   out of   5664   72.86%
  #reg only                25   out of   5664    0.44%
  #lut&reg               1512   out of   5664   26.69%
#dsp                        3   out of     29   10.34%
#bram                       0   out of     64    0.00%
  #bram9k                   0
  #fifo9k                   0
#bram32k                    8   out of     16   50.00%
#pad                       20   out of    188   10.64%
  #ireg                     5
  #oreg                     0
  #treg                     0
#pll                        0   out of      4    0.00%
#gclk                       0   out of     16    0.00%

Clock Resource Statistics
Index     ClockNet       Type               DriverType         Driver            Fanout
#1        clk_dup_4      GCLK               io                 clk_syn_5.di      1145
#2        SWCLK_dup_1    GCLK               io                 SWCLK_syn_2.di    90


Detailed IO Report

   Name     Direction    Location    IOStandard    DriveStrength    PullType    PackReg  
   RSTn       INPUT         P1        LVCMOS25          N/A           N/A        NONE    
  SWCLK       INPUT        E10        LVCMOS25          N/A           N/A        NONE    
   clk        INPUT        J12        LVCMOS25          N/A           N/A        NONE    
  col[3]      INPUT        D11        LVCMOS25          N/A           N/A        IREG    
  col[2]      INPUT         A6        LVCMOS25          N/A           N/A        IREG    
  col[1]      INPUT        K15        LVCMOS25          N/A           N/A        IREG    
  col[0]      INPUT         P9        LVCMOS25          N/A           N/A        IREG    
  LED[7]     OUTPUT        B16        LVCMOS25           8            N/A        NONE    
  LED[6]     OUTPUT        E12        LVCMOS25           8            N/A        NONE    
  LED[5]     OUTPUT         F9        LVCMOS25           8            N/A        NONE    
  LED[4]     OUTPUT         B8        LVCMOS25           8            N/A        NONE    
  LED[3]     OUTPUT         B3        LVCMOS25           8            N/A        NONE    
  LED[2]     OUTPUT         G3        LVCMOS25           8            N/A        NONE    
  LED[1]     OUTPUT        T15        LVCMOS25           8            N/A        NONE    
  LED[0]     OUTPUT         K6        LVCMOS25           8            N/A        NONE    
  row[3]     OUTPUT         P5        LVCMOS25           8            N/A        NONE    
  row[2]     OUTPUT         M7        LVCMOS25           8            N/A        NONE    
  row[1]     OUTPUT        H15        LVCMOS25           8            N/A        NONE    
  row[0]     OUTPUT         G6        LVCMOS25           8            N/A        NONE    
  SWDIO       INOUT         H5        LVCMOS25           8            N/A        IREG    

Report Hierarchy Area:
+-------------------------------------------------------------------------------------------------------------+
|Instance                            |Module             |le     |lut     |ripple  |seq     |bram    |dsp     |
+-------------------------------------------------------------------------------------------------------------+
|top                                 |CortexM0_SoC       |5664   |5527    |112     |1542    |8       |3       |
|  RAMCODE_Interface                 |AHBlite_Block_RAM  |13     |13      |0       |7       |0       |0       |
|  RAMDATA_Interface                 |AHBlite_Block_RAM  |32     |32      |0       |16      |0       |0       |
|  RAM_CODE                          |Block_RAM          |7      |7       |0       |1       |4       |0       |
|  RAM_DATA                          |Block_RAM          |7      |7       |0       |0       |4       |0       |
|  WaterFlow_inst                    |WaterFlow          |95     |86      |9       |49      |0       |0       |
|  WaterLight_Interface              |AHBlite_WaterLight |32     |31      |0       |23      |0       |0       |
|  key_filter_gen[0]$key_filter_inst |key_filter         |60     |49      |11      |26      |0       |0       |
|    key_neg_inst                    |genpart_sync       |1      |1       |0       |1       |0       |0       |
|  key_filter_gen[1]$key_filter_inst |key_filter         |59     |48      |11      |27      |0       |0       |
|    key_neg_inst                    |genpart_sync       |2      |2       |0       |2       |0       |0       |
|  key_filter_gen[2]$key_filter_inst |key_filter         |60     |49      |11      |25      |0       |0       |
|  key_filter_gen[3]$key_filter_inst |key_filter         |62     |51      |11      |27      |0       |0       |
|    key_neg_inst                    |genpart_sync       |2      |2       |0       |2       |0       |0       |
|  u_logic                           |cortexm0ds_logic   |5225   |5142    |59      |1333    |0       |3       |
+-------------------------------------------------------------------------------------------------------------+


DataNet Average Fanout:

   Index     Fanout     Nets  
    #1          1       3071  
    #2          2       1514  
    #3          3       559   
    #4          4       415   
    #5        5-10      614   
    #6        11-50     371   
    #7       51-100      16   
    #8       101-500     2    
  Average     3.51            

RUN-1002 : start command "export_db Task4_pr.db"
RUN-1001 : Exported /
RUN-1001 : Exported flow parameters
RUN-1001 : Exported libs
RUN-1001 : Exported entities
RUN-1001 : Exported ports
RUN-1001 : Exported pins
RUN-1001 : Exported instances
RUN-1001 : Exported nets
RUN-1001 : Exported buses
RUN-1001 : Exported models
RUN-1001 : Exported congestions
RUN-1001 : Exported violations
RUN-1001 : Exported IO constraints
RUN-1001 : Exported Inst constraints
RUN-1002 : start command "export_bid Task4_inst.bid"
RUN-1002 : start command "bitgen -bit Task4.bit"
BIT-1003 : Start to generate bitstream. 
BIT-1002 : Init instances with 16 threads.
BIT-1002 : Init instances completely, inst num: 2968
BIT-1002 : Init pips with 16 threads.
BIT-1002 : Init pips completely, net num: 6586, pip num: 87659
BIT-1002 : Init feedthrough with 16 threads.
BIT-1002 : Init feedthrough completely, num: 95
BIT-1003 : Multithreading accelaration with 16 threads.
BIT-1003 : Generate bitstream completely, there are 2870 valid insts, and 231339 bits set as '1'.
BIT-1004 : the usercode register value: 00000000101110000000000000000000
BIT-1004 : PLL setting string = 0000
BIT-1004 : Generate bits file Task4.bit.
RUN-1003 : finish command "bitgen -bit Task4.bit" in  7.899688s wall, 97.171875s user + 5.203125s system = 102.375000s CPU (1295.9%)

RUN-1004 : used memory is 665 MB, reserved memory is 660 MB, peak memory is 824 MB
RUN-1002 : start command "backup_run_log run.log ../.logs/phy_1/td_20260415_000356.log"
