============================================================
   Tang Dynasty, V5.6.119222
      Copyright (c) 2012-2024 Anlogic Inc.
   Executable = C:/Anlogic/TD_5.6.5_Release_119.222/bin/td.exe
   Built at =   17:28:21 May 30 2024
   Run by =     senlong2020
   Run Date =   Wed Apr 15 00:03:44 2026

   Run on =     DESKTOP-M2L0J57
============================================================
RUN-1002 : start command "open_project Task4.prj"
RUN-1001 : Print Global Property
RUN-1001 : ---------------------------------------------------------------
RUN-1001 :        Parameters        |  Settings  |  Default Values  |  Note  
RUN-1001 : ---------------------------------------------------------------
RUN-1001 :          message         |  standard  |     standard     |        
RUN-1001 :   mixed_pack_place_flow  |     on     |        on        |        
RUN-1001 :        qor_monitor       |    off     |       off        |        
RUN-1001 :        syn_ip_flow       |    off     |       off        |        
RUN-1001 :          thread          |    auto    |       auto       |        
RUN-1001 : ---------------------------------------------------------------
RUN-1001 : Print Design Property
RUN-1001 : --------------------------------------------------------------
RUN-1001 :        Parameters       |  Settings  |  Default Values  |  Note  
RUN-1001 : --------------------------------------------------------------
RUN-1001 :   default_reg_initial   |    auto    |       auto       |        
RUN-1001 :        infer_add        |     on     |        on        |        
RUN-1001 :        infer_fsm        |    off     |       off        |        
RUN-1001 :        infer_mult       |     on     |        on        |        
RUN-1001 :        infer_ram        |     on     |        on        |        
RUN-1001 :        infer_reg        |     on     |        on        |        
RUN-1001 :   infer_reg_init_value  |     on     |        on        |        
RUN-1001 :        infer_rom        |     on     |        on        |        
RUN-1001 :      infer_shifter      |     on     |        on        |        
RUN-1001 : --------------------------------------------------------------
RUN-1001 : Print Rtl Property
RUN-1001 : --------------------------------------------------------------
RUN-1001 :        Parameters       |  Settings  |  Default Values  |  Note  
RUN-1001 : --------------------------------------------------------------
RUN-1001 :       compress_add      |   ripple   |      ripple      |        
RUN-1001 :        elf_sload        |    off     |       off        |        
RUN-1001 :       fix_undriven      |     0      |        0         |        
RUN-1001 :         flatten         |    off     |       off        |        
RUN-1001 :       gate_sharing      |     on     |        on        |        
RUN-1001 :    hdl_warning_level    |   normal   |      normal      |        
RUN-1001 :   impl_internal_tribuf  |     on     |        on        |        
RUN-1001 :      impl_set_reset     |     on     |        on        |        
RUN-1001 :        infer_gsr        |    off     |       off        |        
RUN-1001 :      keep_hierarchy     |    auto    |       auto       |        
RUN-1001 :        max_fanout       |    9999    |       9999       |        
RUN-1001 :      max_oh2bin_len     |     10     |        10        |        
RUN-1001 :       merge_equal       |     on     |        on        |        
RUN-1001 :       merge_equiv       |     on     |        on        |        
RUN-1001 :        merge_mux        |    off     |       off        |        
RUN-1001 :     min_control_set     |     8      |        8         |        
RUN-1001 :      min_ripple_len     |    auto    |       auto       |        
RUN-1001 :       oh2bin_ratio      |    0.08    |       0.08       |        
RUN-1001 :     opt_adder_fanout    |     on     |        on        |        
RUN-1001 :        opt_arith        |     on     |        on        |        
RUN-1001 :       opt_big_gate      |    off     |       off        |        
RUN-1001 :        opt_const        |     on     |        on        |        
RUN-1001 :      opt_const_mult     |     on     |        on        |        
RUN-1001 :       opt_lessthan      |     on     |        on        |        
RUN-1001 :         opt_mux         |    off     |       off        |        
RUN-1001 :         opt_ram         |    high    |       high       |        
RUN-1001 :      rtl_sim_model      |    off     |       off        |        
RUN-1001 :         seq_syn         |     on     |        on        |        
RUN-1001 : --------------------------------------------------------------
HDL-1007 : analyze verilog file ../../../rtl/AHBlite_Block_RAM.v
HDL-1007 : analyze verilog file ../../../rtl/AHBlite_Decoder.v
HDL-1007 : analyze verilog file ../../../rtl/AHBlite_Interconnect.v
HDL-1007 : analyze verilog file ../../../rtl/AHBlite_SlaveMUX.v
HDL-1007 : analyze verilog file ../../../rtl/AHBlite_WaterLight.v
HDL-1007 : analyze verilog file ../../../rtl/Block_RAM.v
HDL-1007 : analyze verilog file ../../../rtl/CortexM0_SoC.v
HDL-1007 : analyze verilog file ../../../rtl/WaterFlow.sv
HDL-1007 : analyze verilog file ../../../rtl/cortexm0ds_logic.v
HDL-1007 : analyze verilog file ../../../rtl/key_filter.sv
RUN-1001 : Project manager successfully analyzed 10 source files.
RUN-1002 : start command "import_device eagle_20.db -package EG4X20BG256"
ARC-1001 : Device Initialization.
ARC-1001 : ------------------------------------------------------------------
ARC-1001 :            OPTION            |          IO          |   SETTING   
ARC-1001 : ------------------------------------------------------------------
ARC-1001 :   cso_b/cclk/mosi/miso/dout  |  T3/R11/T10/P10/M14  |    gpio    
ARC-1001 :             done             |         P13          |    gpio    
ARC-1001 :           program_b          |          T2          |  dedicate  
ARC-1001 :        tdi/tms/tck/tdo       |   C12/A15/C14/E14    |  dedicate  
ARC-1001 : ------------------------------------------------------------------
ARC-1004 : Device setting, marked 5 dedicate IOs in total.
RUN-1002 : start command "elaborate -top CortexM0_SoC"
RUN-1001 : Print Design Property
RUN-1001 : --------------------------------------------------------------
RUN-1001 :        Parameters       |  Settings  |  Default Values  |  Note  
RUN-1001 : --------------------------------------------------------------
RUN-1001 :   default_reg_initial   |    auto    |       auto       |        
RUN-1001 :        infer_add        |     on     |        on        |        
RUN-1001 :        infer_fsm        |    off     |       off        |        
RUN-1001 :        infer_mult       |     on     |        on        |        
RUN-1001 :        infer_ram        |     on     |        on        |        
RUN-1001 :        infer_reg        |     on     |        on        |        
RUN-1001 :   infer_reg_init_value  |     on     |        on        |        
RUN-1001 :        infer_rom        |     on     |        on        |        
RUN-1001 :      infer_shifter      |     on     |        on        |        
RUN-1001 : --------------------------------------------------------------
RUN-1001 : Print Rtl Property
RUN-1001 : --------------------------------------------------------------
RUN-1001 :        Parameters       |  Settings  |  Default Values  |  Note  
RUN-1001 : --------------------------------------------------------------
RUN-1001 :       compress_add      |   ripple   |      ripple      |        
RUN-1001 :        elf_sload        |    off     |       off        |        
RUN-1001 :       fix_undriven      |     0      |        0         |        
RUN-1001 :         flatten         |    off     |       off        |        
RUN-1001 :       gate_sharing      |     on     |        on        |        
RUN-1001 :    hdl_warning_level    |   normal   |      normal      |        
RUN-1001 :   impl_internal_tribuf  |     on     |        on        |        
RUN-1001 :      impl_set_reset     |     on     |        on        |        
RUN-1001 :        infer_gsr        |    off     |       off        |        
RUN-1001 :      keep_hierarchy     |    auto    |       auto       |        
RUN-1001 :        max_fanout       |    9999    |       9999       |        
RUN-1001 :      max_oh2bin_len     |     10     |        10        |        
RUN-1001 :       merge_equal       |     on     |        on        |        
RUN-1001 :       merge_equiv       |     on     |        on        |        
RUN-1001 :        merge_mux        |    off     |       off        |        
RUN-1001 :     min_control_set     |     8      |        8         |        
RUN-1001 :      min_ripple_len     |    auto    |       auto       |        
RUN-1001 :       oh2bin_ratio      |    0.08    |       0.08       |        
RUN-1001 :     opt_adder_fanout    |     on     |        on        |        
RUN-1001 :        opt_arith        |     on     |        on        |        
RUN-1001 :       opt_big_gate      |    off     |       off        |        
RUN-1001 :        opt_const        |     on     |        on        |        
RUN-1001 :      opt_const_mult     |     on     |        on        |        
RUN-1001 :       opt_lessthan      |     on     |        on        |        
RUN-1001 :         opt_mux         |    off     |       off        |        
RUN-1001 :         opt_ram         |    high    |       high       |        
RUN-1001 :      rtl_sim_model      |    off     |       off        |        
RUN-1001 :         seq_syn         |     on     |        on        |        
RUN-1001 : --------------------------------------------------------------
RUN-1001 : Print Global Property
RUN-1001 : ---------------------------------------------------------------
RUN-1001 :        Parameters        |  Settings  |  Default Values  |  Note  
RUN-1001 : ---------------------------------------------------------------
RUN-1001 :          message         |  standard  |     standard     |        
RUN-1001 :   mixed_pack_place_flow  |     on     |        on        |        
RUN-1001 :        qor_monitor       |    off     |       off        |        
RUN-1001 :        syn_ip_flow       |    off     |       off        |        
RUN-1001 :          thread          |    auto    |       auto       |        
RUN-1001 : ---------------------------------------------------------------
RUN-1001 : Print Design Property
RUN-1001 : --------------------------------------------------------------
RUN-1001 :        Parameters       |  Settings  |  Default Values  |  Note  
RUN-1001 : --------------------------------------------------------------
RUN-1001 :   default_reg_initial   |    auto    |       auto       |        
RUN-1001 :        infer_add        |     on     |        on        |        
RUN-1001 :        infer_fsm        |    off     |       off        |        
RUN-1001 :        infer_mult       |     on     |        on        |        
RUN-1001 :        infer_ram        |     on     |        on        |        
RUN-1001 :        infer_reg        |     on     |        on        |        
RUN-1001 :   infer_reg_init_value  |     on     |        on        |        
RUN-1001 :        infer_rom        |     on     |        on        |        
RUN-1001 :      infer_shifter      |     on     |        on        |        
RUN-1001 : --------------------------------------------------------------
HDL-1007 : port 'CODENSEQ' remains unconnected for this instance in ../../../rtl/CortexM0_SoC.v(106)
HDL-1007 : port 'CODEHINTDE' remains unconnected for this instance in ../../../rtl/CortexM0_SoC.v(106)
HDL-1007 : port 'SPECHTRANS' remains unconnected for this instance in ../../../rtl/CortexM0_SoC.v(106)
HDL-1007 : port 'TDO' remains unconnected for this instance in ../../../rtl/CortexM0_SoC.v(106)
HDL-1007 : port 'nTDOEN' remains unconnected for this instance in ../../../rtl/CortexM0_SoC.v(106)
HDL-1007 : port 'DBGRESTARTED' remains unconnected for this instance in ../../../rtl/CortexM0_SoC.v(106)
HDL-1007 : port 'HALTED' remains unconnected for this instance in ../../../rtl/CortexM0_SoC.v(106)
HDL-1007 : port 'TXEV' remains unconnected for this instance in ../../../rtl/CortexM0_SoC.v(106)
HDL-1007 : port 'LOCKUP' remains unconnected for this instance in ../../../rtl/CortexM0_SoC.v(106)
HDL-1007 : port 'GATEHCLK' remains unconnected for this instance in ../../../rtl/CortexM0_SoC.v(106)
HDL-1007 : port 'SLEEPING' remains unconnected for this instance in ../../../rtl/CortexM0_SoC.v(106)
HDL-1007 : port 'SLEEPDEEP' remains unconnected for this instance in ../../../rtl/CortexM0_SoC.v(106)
HDL-1007 : port 'WAKEUP' remains unconnected for this instance in ../../../rtl/CortexM0_SoC.v(106)
HDL-1007 : port 'WICSENSE' remains unconnected for this instance in ../../../rtl/CortexM0_SoC.v(106)
HDL-1007 : port 'SLEEPHOLDACKn' remains unconnected for this instance in ../../../rtl/CortexM0_SoC.v(106)
HDL-1007 : port 'WICENACK' remains unconnected for this instance in ../../../rtl/CortexM0_SoC.v(106)
HDL-1007 : port 'vis_r0_o' remains unconnected for this instance in ../../../rtl/CortexM0_SoC.v(106)
HDL-1007 : port 'vis_r1_o' remains unconnected for this instance in ../../../rtl/CortexM0_SoC.v(106)
HDL-1007 : port 'vis_r2_o' remains unconnected for this instance in ../../../rtl/CortexM0_SoC.v(106)
HDL-1007 : port 'vis_r3_o' remains unconnected for this instance in ../../../rtl/CortexM0_SoC.v(106)
HDL-1007 : port 'vis_r4_o' remains unconnected for this instance in ../../../rtl/CortexM0_SoC.v(106)
HDL-1007 : port 'vis_r5_o' remains unconnected for this instance in ../../../rtl/CortexM0_SoC.v(106)
HDL-1007 : port 'vis_r6_o' remains unconnected for this instance in ../../../rtl/CortexM0_SoC.v(106)
HDL-1007 : port 'vis_r7_o' remains unconnected for this instance in ../../../rtl/CortexM0_SoC.v(106)
HDL-1007 : port 'vis_r8_o' remains unconnected for this instance in ../../../rtl/CortexM0_SoC.v(106)
HDL-1007 : port 'vis_r9_o' remains unconnected for this instance in ../../../rtl/CortexM0_SoC.v(106)
HDL-1007 : port 'vis_r10_o' remains unconnected for this instance in ../../../rtl/CortexM0_SoC.v(106)
HDL-1007 : port 'vis_r11_o' remains unconnected for this instance in ../../../rtl/CortexM0_SoC.v(106)
HDL-1007 : port 'vis_r12_o' remains unconnected for this instance in ../../../rtl/CortexM0_SoC.v(106)
HDL-1007 : port 'vis_r14_o' remains unconnected for this instance in ../../../rtl/CortexM0_SoC.v(106)
HDL-1007 : port 'vis_msp_o' remains unconnected for this instance in ../../../rtl/CortexM0_SoC.v(106)
HDL-1007 : port 'vis_psp_o' remains unconnected for this instance in ../../../rtl/CortexM0_SoC.v(106)
HDL-1007 : port 'vis_pc_o' remains unconnected for this instance in ../../../rtl/CortexM0_SoC.v(106)
HDL-1007 : port 'vis_apsr_o' remains unconnected for this instance in ../../../rtl/CortexM0_SoC.v(106)
HDL-1007 : port 'vis_tbit_o' remains unconnected for this instance in ../../../rtl/CortexM0_SoC.v(106)
HDL-1007 : port 'vis_ipsr_o' remains unconnected for this instance in ../../../rtl/CortexM0_SoC.v(106)
HDL-1007 : port 'vis_control_o' remains unconnected for this instance in ../../../rtl/CortexM0_SoC.v(106)
HDL-1007 : port 'vis_primask_o' remains unconnected for this instance in ../../../rtl/CortexM0_SoC.v(106)
HDL-1007 : elaborate module CortexM0_SoC in ../../../rtl/CortexM0_SoC.v(2)
HDL-1007 : elaborate module key_filter in ../../../rtl/key_filter.sv(1)
HDL-1007 : elaborate module genpart_sync(edge_type_p=2'b10) in ../../../rtl/key_filter.sv(152)
HDL-5007 WARNING: delay control is not supported for synthesis in ../../../rtl/key_filter.sv(171)
HDL-5007 WARNING: delay control is not supported for synthesis in ../../../rtl/key_filter.sv(172)
HDL-5007 WARNING: delay control is not supported for synthesis in ../../../rtl/key_filter.sv(174)
HDL-5007 WARNING: delay control is not supported for synthesis in ../../../rtl/key_filter.sv(175)
HDL-5007 WARNING: delay control is not supported for synthesis in ../../../rtl/key_filter.sv(188)
HDL-5007 WARNING: delay control is not supported for synthesis in ../../../rtl/key_filter.sv(190)
HDL-1007 : elaborate module genpart_sync(edge_type_p=2'b01) in ../../../rtl/key_filter.sv(152)
HDL-5007 WARNING: delay control is not supported for synthesis in ../../../rtl/key_filter.sv(171)
HDL-5007 WARNING: delay control is not supported for synthesis in ../../../rtl/key_filter.sv(172)
HDL-5007 WARNING: delay control is not supported for synthesis in ../../../rtl/key_filter.sv(174)
HDL-5007 WARNING: delay control is not supported for synthesis in ../../../rtl/key_filter.sv(175)
HDL-5007 WARNING: delay control is not supported for synthesis in ../../../rtl/key_filter.sv(188)
HDL-5007 WARNING: delay control is not supported for synthesis in ../../../rtl/key_filter.sv(190)
HDL-7007 CRITICAL-WARNING: case condition never applies in ../../../rtl/key_filter.sv(196)
HDL-7007 CRITICAL-WARNING: case condition never applies in ../../../rtl/key_filter.sv(197)
HDL-1007 : elaborate module cortexm0ds_logic in ../../../rtl/cortexm0ds_logic.v(27)
HDL-1007 : port 'P4_HSEL' remains unconnected for this instance in ../../../rtl/AHBlite_Interconnect.v(142)
HDL-1007 : elaborate module AHBlite_Interconnect in ../../../rtl/AHBlite_Interconnect.v(1)
HDL-1007 : elaborate module AHBlite_Decoder in ../../../rtl/AHBlite_Decoder.v(1)
HDL-1007 : elaborate module AHBlite_SlaveMUX in ../../../rtl/AHBlite_SlaveMUX.v(1)
HDL-1007 : elaborate module AHBlite_Block_RAM in ../../../rtl/AHBlite_Block_RAM.v(1)
HDL-5007 WARNING: actual bit length 1 differs from formal bit length 2 for port 'HRESP' in ../../../rtl/CortexM0_SoC.v(330)
HDL-5007 WARNING: actual bit length 14 differs from formal bit length 12 for port 'BRAM_WRADDR' in ../../../rtl/CortexM0_SoC.v(331)
HDL-5007 WARNING: actual bit length 14 differs from formal bit length 12 for port 'BRAM_RDADDR' in ../../../rtl/CortexM0_SoC.v(332)
HDL-1007 : elaborate module AHBlite_WaterLight in ../../../rtl/AHBlite_WaterLight.v(1)
HDL-5007 WARNING: actual bit length 1 differs from formal bit length 2 for port 'HRESP' in ../../../rtl/CortexM0_SoC.v(390)
HDL-5007 WARNING: actual bit length 14 differs from formal bit length 12 for port 'BRAM_WRADDR' in ../../../rtl/CortexM0_SoC.v(391)
HDL-5007 WARNING: actual bit length 14 differs from formal bit length 12 for port 'BRAM_RDADDR' in ../../../rtl/CortexM0_SoC.v(392)
HDL-1007 : elaborate module Block_RAM in ../../../rtl/Block_RAM.v(1)
HDL-1007 : extracting RAM for identifier 'mem' in ../../../rtl/Block_RAM.v(15)
HDL-5007 WARNING: actual bit length 14 differs from formal bit length 12 for port 'addra' in ../../../rtl/CortexM0_SoC.v(405)
HDL-5007 WARNING: actual bit length 14 differs from formal bit length 12 for port 'addrb' in ../../../rtl/CortexM0_SoC.v(406)
HDL-5007 WARNING: actual bit length 14 differs from formal bit length 12 for port 'addra' in ../../../rtl/CortexM0_SoC.v(414)
HDL-5007 WARNING: actual bit length 14 differs from formal bit length 12 for port 'addrb' in ../../../rtl/CortexM0_SoC.v(415)
HDL-1007 : elaborate module WaterFlow in ../../../rtl/WaterFlow.sv(1)
HDL-5007 WARNING: actual bit length 8 differs from formal bit length 2 for port 'WaterLight_mode' in ../../../rtl/CortexM0_SoC.v(426)
HDL-5007 WARNING: net 'HREADYOUT_P3' does not have a driver in ../../../rtl/CortexM0_SoC.v(225)
HDL-5007 WARNING: net 'HRDATA_P3[31]' does not have a driver in ../../../rtl/CortexM0_SoC.v(226)
HDL-5007 WARNING: net 'HRESP_P3' does not have a driver in ../../../rtl/CortexM0_SoC.v(227)
HDL-1200 : Current top model is CortexM0_SoC
HDL-1100 : Inferred 1 RAMs.
RUN-1002 : start command "read_adc"
USR-1002 : read_adc file_name -trans <string> -help
RUN-1001 : Starting of IO setups legality check.
RUN-1001 : Starting of IO setups legality check.
RUN-1001 : Starting of IO setups legality check.
RUN-1001 : Starting of IO vref setups legality check.
USR-6010 WARNING: ADC constraints: top model pin LED[7] has no constraint.
USR-6010 WARNING: ADC constraints: top model pin LED[6] has no constraint.
USR-6010 WARNING: ADC constraints: top model pin LED[5] has no constraint.
USR-6010 WARNING: ADC constraints: top model pin LED[4] has no constraint.
USR-6010 WARNING: ADC constraints: top model pin LED[3] has no constraint.
USR-6010 WARNING: ADC constraints: top model pin LED[2] has no constraint.
USR-6010 WARNING: ADC constraints: top model pin LED[1] has no constraint.
USR-6010 WARNING: ADC constraints: top model pin LED[0] has no constraint.
USR-6010 WARNING: ADC constraints: top model pin RSTn has no constraint.
USR-6010 WARNING: ADC constraints: top model pin SWCLK has no constraint.
USR-6010 Similar messages will be suppressed.
RUN-1002 : start command "export_db Task4_elaborate.db"
RUN-1001 : Exported /
RUN-1001 : Exported flow parameters
RUN-1001 : Exported libs
RUN-1001 : Exported entities
RUN-1001 : Exported ports
RUN-1001 : Exported pins
RUN-1001 : Exported instances
RUN-1001 : Exported nets
RUN-1001 : Exported buses
RUN-1001 : Exported models
RUN-1001 : Exported congestions
RUN-1001 : Exported violations
RUN-1001 : Exported IO constraints
RUN-1001 : Exported Inst constraints
RUN-1002 : start command "optimize_rtl"
RUN-1001 : Open license file C:/Anlogic/TD_5.6.5_Release_119.222/license/Anlogic.lic
RUN-1001 : Print Global Property
RUN-1001 : ---------------------------------------------------------------
RUN-1001 :        Parameters        |  Settings  |  Default Values  |  Note  
RUN-1001 : ---------------------------------------------------------------
RUN-1001 :          message         |  standard  |     standard     |        
RUN-1001 :   mixed_pack_place_flow  |     on     |        on        |        
RUN-1001 :        qor_monitor       |    off     |       off        |        
RUN-1001 :        syn_ip_flow       |    off     |       off        |        
RUN-1001 :          thread          |    auto    |       auto       |        
RUN-1001 : ---------------------------------------------------------------
RUN-1001 : Print Rtl Property
RUN-1001 : --------------------------------------------------------------
RUN-1001 :        Parameters       |  Settings  |  Default Values  |  Note  
RUN-1001 : --------------------------------------------------------------
RUN-1001 :       compress_add      |   ripple   |      ripple      |        
RUN-1001 :        elf_sload        |    off     |       off        |        
RUN-1001 :       fix_undriven      |     0      |        0         |        
RUN-1001 :         flatten         |    off     |       off        |        
RUN-1001 :       gate_sharing      |     on     |        on        |        
RUN-1001 :    hdl_warning_level    |   normal   |      normal      |        
RUN-1001 :   impl_internal_tribuf  |     on     |        on        |        
RUN-1001 :      impl_set_reset     |     on     |        on        |        
RUN-1001 :        infer_gsr        |    off     |       off        |        
RUN-1001 :      keep_hierarchy     |    auto    |       auto       |        
RUN-1001 :        max_fanout       |    9999    |       9999       |        
RUN-1001 :      max_oh2bin_len     |     10     |        10        |        
RUN-1001 :       merge_equal       |     on     |        on        |        
RUN-1001 :       merge_equiv       |     on     |        on        |        
RUN-1001 :        merge_mux        |    off     |       off        |        
RUN-1001 :     min_control_set     |     8      |        8         |        
RUN-1001 :      min_ripple_len     |    auto    |       auto       |        
RUN-1001 :       oh2bin_ratio      |    0.08    |       0.08       |        
RUN-1001 :     opt_adder_fanout    |     on     |        on        |        
RUN-1001 :        opt_arith        |     on     |        on        |        
RUN-1001 :       opt_big_gate      |    off     |       off        |        
RUN-1001 :        opt_const        |     on     |        on        |        
RUN-1001 :      opt_const_mult     |     on     |        on        |        
RUN-1001 :       opt_lessthan      |     on     |        on        |        
RUN-1001 :         opt_mux         |    off     |       off        |        
RUN-1001 :         opt_ram         |    high    |       high       |        
RUN-1001 :      rtl_sim_model      |    off     |       off        |        
RUN-1001 :         seq_syn         |     on     |        on        |        
RUN-1001 : --------------------------------------------------------------
SYN-1012 : SanityCheck: Model "CortexM0_SoC"
SYN-1012 : SanityCheck: Model "AHBlite_Interconnect"
SYN-1012 : SanityCheck: Model "AHBlite_Decoder"
SYN-1012 : SanityCheck: Model "AHBlite_SlaveMUX"
SYN-1012 : SanityCheck: Model "AHBlite_Block_RAM"
SYN-1012 : SanityCheck: Model "Block_RAM"
SYN-1012 : SanityCheck: Model "WaterFlow"
SYN-1012 : SanityCheck: Model "AHBlite_WaterLight"
SYN-1012 : SanityCheck: Model "key_filter"
SYN-1012 : SanityCheck: Model "genpart_sync(edge_type_p=2'b10)"
SYN-1012 : SanityCheck: Model "genpart_sync(edge_type_p=2'b01)"
SYN-1012 : SanityCheck: Model "cortexm0ds_logic"
SYN-1011 : Flatten model CortexM0_SoC
SYN-1032 : 25071/456 useful/useless nets, 23826/401 useful/useless insts
SYN-1016 : Merged 387 instances.
SYN-1025 : Merged 2 RAM ports.
SYN-1026 : Infer Logic BRAM(RAM_CODE/ramread0_syn_15)
	 port mode: single dual port
	 port a size: 4096 x 8	 write mode: NORMAL
	 port b size: 4096 x 8	 write mode: READBEFOREWRITE
SYN-1026 : Infer Logic BRAM(RAM_CODE/ramread0_syn_20)
	 port mode: single dual port
	 port a size: 4096 x 8	 write mode: NORMAL
	 port b size: 4096 x 8	 write mode: READBEFOREWRITE
SYN-1026 : Infer Logic BRAM(RAM_CODE/ramread0_syn_25)
	 port mode: single dual port
	 port a size: 4096 x 8	 write mode: NORMAL
	 port b size: 4096 x 8	 write mode: READBEFOREWRITE
SYN-1026 : Infer Logic BRAM(RAM_CODE/ramread0_syn_30)
	 port mode: single dual port
	 port a size: 4096 x 8	 write mode: NORMAL
	 port b size: 4096 x 8	 write mode: READBEFOREWRITE
SYN-1026 : Infer Logic BRAM(RAM_DATA/ramread0_syn_15)
	 port mode: single dual port
	 port a size: 4096 x 8	 write mode: NORMAL
	 port b size: 4096 x 8	 write mode: READBEFOREWRITE
SYN-1026 : Infer Logic BRAM(RAM_DATA/ramread0_syn_20)
	 port mode: single dual port
	 port a size: 4096 x 8	 write mode: NORMAL
	 port b size: 4096 x 8	 write mode: READBEFOREWRITE
SYN-1026 : Infer Logic BRAM(RAM_DATA/ramread0_syn_25)
	 port mode: single dual port
	 port a size: 4096 x 8	 write mode: NORMAL
	 port b size: 4096 x 8	 write mode: READBEFOREWRITE
SYN-1026 : Infer Logic BRAM(RAM_DATA/ramread0_syn_30)
	 port mode: single dual port
	 port a size: 4096 x 8	 write mode: NORMAL
	 port b size: 4096 x 8	 write mode: READBEFOREWRITE
SYN-1023 : Infer 0 Logic DRAMs, 8 Logic BRAMs.
SYN-1032 : 22691/720 useful/useless nets, 21341/550 useful/useless insts
SYN-1016 : Merged 95 instances.
SYN-5013 WARNING: Undriven net: model "CortexM0_SoC" / net "Interconncet/HRDATA_P3[31]" in ../../../rtl/AHBlite_Interconnect.v(77)
SYN-5014 WARNING: the net's pin: pin "i1" in ../../../rtl/AHBlite_SlaveMUX.v(79)
SYN-5013 WARNING: Undriven net: model "CortexM0_SoC" / net "Interconncet/HRDATA_P3[30]" in ../../../rtl/AHBlite_Interconnect.v(77)
SYN-5014 WARNING: the net's pin: pin "i1" in ../../../rtl/AHBlite_SlaveMUX.v(79)
SYN-5013 WARNING: Undriven net: model "CortexM0_SoC" / net "Interconncet/HRDATA_P3[29]" in ../../../rtl/AHBlite_Interconnect.v(77)
SYN-5014 WARNING: the net's pin: pin "i1" in ../../../rtl/AHBlite_SlaveMUX.v(79)
SYN-5013 WARNING: Undriven net: model "CortexM0_SoC" / net "Interconncet/HRDATA_P3[28]" in ../../../rtl/AHBlite_Interconnect.v(77)
SYN-5014 WARNING: the net's pin: pin "i1" in ../../../rtl/AHBlite_SlaveMUX.v(79)
SYN-5013 WARNING: Undriven net: model "CortexM0_SoC" / net "Interconncet/HRDATA_P3[27]" in ../../../rtl/AHBlite_Interconnect.v(77)
SYN-5014 WARNING: the net's pin: pin "i1" in ../../../rtl/AHBlite_SlaveMUX.v(79)
SYN-5013 WARNING: Undriven net: model "CortexM0_SoC" / net "Interconncet/HRDATA_P3[26]" in ../../../rtl/AHBlite_Interconnect.v(77)
SYN-5014 WARNING: the net's pin: pin "i1" in ../../../rtl/AHBlite_SlaveMUX.v(79)
SYN-5013 WARNING: Undriven net: model "CortexM0_SoC" / net "Interconncet/HRDATA_P3[25]" in ../../../rtl/AHBlite_Interconnect.v(77)
SYN-5014 WARNING: the net's pin: pin "i1" in ../../../rtl/AHBlite_SlaveMUX.v(79)
SYN-5013 WARNING: Undriven net: model "CortexM0_SoC" / net "Interconncet/HRDATA_P3[24]" in ../../../rtl/AHBlite_Interconnect.v(77)
SYN-5014 WARNING: the net's pin: pin "i1" in ../../../rtl/AHBlite_SlaveMUX.v(79)
SYN-5013 WARNING: Undriven net: model "CortexM0_SoC" / net "Interconncet/HRDATA_P3[23]" in ../../../rtl/AHBlite_Interconnect.v(77)
SYN-5014 WARNING: the net's pin: pin "i1" in ../../../rtl/AHBlite_SlaveMUX.v(79)
SYN-5013 WARNING: Undriven net: model "CortexM0_SoC" / net "Interconncet/HRDATA_P3[22]" in ../../../rtl/AHBlite_Interconnect.v(77)
SYN-5014 WARNING: the net's pin: pin "i1" in ../../../rtl/AHBlite_SlaveMUX.v(79)
SYN-5013 WARNING: Undriven net: model "CortexM0_SoC" / net "Interconncet/HRDATA_P3[21]" in ../../../rtl/AHBlite_Interconnect.v(77)
SYN-5014 WARNING: the net's pin: pin "i1" in ../../../rtl/AHBlite_SlaveMUX.v(79)
SYN-5013 WARNING: Undriven net: model "CortexM0_SoC" / net "Interconncet/HRDATA_P3[20]" in ../../../rtl/AHBlite_Interconnect.v(77)
SYN-5014 WARNING: the net's pin: pin "i1" in ../../../rtl/AHBlite_SlaveMUX.v(79)
SYN-5013 WARNING: Undriven net: model "CortexM0_SoC" / net "Interconncet/HRDATA_P3[19]" in ../../../rtl/AHBlite_Interconnect.v(77)
SYN-5014 WARNING: the net's pin: pin "i1" in ../../../rtl/AHBlite_SlaveMUX.v(79)
SYN-5013 WARNING: Undriven net: model "CortexM0_SoC" / net "Interconncet/HRDATA_P3[18]" in ../../../rtl/AHBlite_Interconnect.v(77)
SYN-5014 WARNING: the net's pin: pin "i1" in ../../../rtl/AHBlite_SlaveMUX.v(79)
SYN-5013 WARNING: Undriven net: model "CortexM0_SoC" / net "Interconncet/HRDATA_P3[17]" in ../../../rtl/AHBlite_Interconnect.v(77)
SYN-5014 WARNING: the net's pin: pin "i1" in ../../../rtl/AHBlite_SlaveMUX.v(79)
SYN-5013 WARNING: Undriven net: model "CortexM0_SoC" / net "Interconncet/HRDATA_P3[16]" in ../../../rtl/AHBlite_Interconnect.v(77)
SYN-5014 WARNING: the net's pin: pin "i1" in ../../../rtl/AHBlite_SlaveMUX.v(79)
SYN-5013 WARNING: Undriven net: model "CortexM0_SoC" / net "Interconncet/HRDATA_P3[15]" in ../../../rtl/AHBlite_Interconnect.v(77)
SYN-5014 WARNING: the net's pin: pin "i1" in ../../../rtl/AHBlite_SlaveMUX.v(79)
SYN-5013 WARNING: Undriven net: model "CortexM0_SoC" / net "Interconncet/HRDATA_P3[14]" in ../../../rtl/AHBlite_Interconnect.v(77)
SYN-5014 WARNING: the net's pin: pin "i1" in ../../../rtl/AHBlite_SlaveMUX.v(79)
SYN-5013 WARNING: Undriven net: model "CortexM0_SoC" / net "Interconncet/HRDATA_P3[13]" in ../../../rtl/AHBlite_Interconnect.v(77)
SYN-5014 WARNING: the net's pin: pin "i1" in ../../../rtl/AHBlite_SlaveMUX.v(79)
SYN-5013 WARNING: Undriven net: model "CortexM0_SoC" / net "Interconncet/HRDATA_P3[12]" in ../../../rtl/AHBlite_Interconnect.v(77)
SYN-5014 WARNING: the net's pin: pin "i1" in ../../../rtl/AHBlite_SlaveMUX.v(79)
SYN-5013 WARNING: Undriven net: model "CortexM0_SoC" / net "Interconncet/HRDATA_P3[11]" in ../../../rtl/AHBlite_Interconnect.v(77)
SYN-5014 WARNING: the net's pin: pin "i1" in ../../../rtl/AHBlite_SlaveMUX.v(79)
SYN-5013 WARNING: Undriven net: model "CortexM0_SoC" / net "Interconncet/HRDATA_P3[10]" in ../../../rtl/AHBlite_Interconnect.v(77)
SYN-5014 WARNING: the net's pin: pin "i1" in ../../../rtl/AHBlite_SlaveMUX.v(79)
SYN-5013 WARNING: Undriven net: model "CortexM0_SoC" / net "Interconncet/HRDATA_P3[9]" in ../../../rtl/AHBlite_Interconnect.v(77)
SYN-5014 WARNING: the net's pin: pin "i1" in ../../../rtl/AHBlite_SlaveMUX.v(79)
SYN-5013 WARNING: Undriven net: model "CortexM0_SoC" / net "Interconncet/HRDATA_P3[8]" in ../../../rtl/AHBlite_Interconnect.v(77)
SYN-5014 WARNING: the net's pin: pin "i1" in ../../../rtl/AHBlite_SlaveMUX.v(79)
SYN-5013 WARNING: Undriven net: model "CortexM0_SoC" / net "Interconncet/HRDATA_P3[7]" in ../../../rtl/AHBlite_Interconnect.v(77)
SYN-5014 WARNING: the net's pin: pin "i1" in ../../../rtl/AHBlite_SlaveMUX.v(79)
SYN-5013 WARNING: Undriven net: model "CortexM0_SoC" / net "Interconncet/HRDATA_P3[6]" in ../../../rtl/AHBlite_Interconnect.v(77)
SYN-5014 WARNING: the net's pin: pin "i1" in ../../../rtl/AHBlite_SlaveMUX.v(79)
SYN-5013 WARNING: Undriven net: model "CortexM0_SoC" / net "Interconncet/HRDATA_P3[5]" in ../../../rtl/AHBlite_Interconnect.v(77)
SYN-5014 WARNING: the net's pin: pin "i1" in ../../../rtl/AHBlite_SlaveMUX.v(79)
SYN-5013 WARNING: Undriven net: model "CortexM0_SoC" / net "Interconncet/HRDATA_P3[4]" in ../../../rtl/AHBlite_Interconnect.v(77)
SYN-5014 WARNING: the net's pin: pin "i1" in ../../../rtl/AHBlite_SlaveMUX.v(79)
SYN-5013 WARNING: Undriven net: model "CortexM0_SoC" / net "Interconncet/HRDATA_P3[3]" in ../../../rtl/AHBlite_Interconnect.v(77)
SYN-5014 WARNING: the net's pin: pin "i1" in ../../../rtl/AHBlite_SlaveMUX.v(79)
SYN-5013 WARNING: Undriven net: model "CortexM0_SoC" / net "Interconncet/HRDATA_P3[2]" in ../../../rtl/AHBlite_Interconnect.v(77)
SYN-5014 WARNING: the net's pin: pin "i1" in ../../../rtl/AHBlite_SlaveMUX.v(79)
SYN-5013 WARNING: Undriven net: model "CortexM0_SoC" / net "Interconncet/HRDATA_P3[1]" in ../../../rtl/AHBlite_Interconnect.v(77)
SYN-5014 WARNING: the net's pin: pin "i1" in ../../../rtl/AHBlite_SlaveMUX.v(79)
SYN-5013 WARNING: Undriven net: model "CortexM0_SoC" / net "Interconncet/HRDATA_P3[0]" in ../../../rtl/AHBlite_Interconnect.v(77)
SYN-5014 WARNING: the net's pin: pin "i1" in ../../../rtl/AHBlite_SlaveMUX.v(79)
SYN-5013 WARNING: Undriven net: model "CortexM0_SoC" / net "Interconncet/HREADYOUT_P3" in ../../../rtl/AHBlite_Interconnect.v(76)
SYN-5014 WARNING: the net's pin: pin "i1" in ../../../rtl/AHBlite_SlaveMUX.v(49)
SYN-5013 WARNING: Undriven net: model "CortexM0_SoC" / net "Interconncet/HRESP_P3" in ../../../rtl/AHBlite_Interconnect.v(78)
SYN-5014 WARNING: the net's pin: pin "i1" in ../../../rtl/AHBlite_SlaveMUX.v(64)
SYN-5025 WARNING: Using 0 for all undriven pins and nets
SYN-1032 : 22487/8 useful/useless nets, 22125/50 useful/useless insts
SYN-1014 : Optimize round 1
SYN-1044 : Optimized 66 inv instances.
SYN-1032 : 22420/66 useful/useless nets, 22058/0 useful/useless insts
SYN-1019 : Optimized 1 mux instances.
SYN-1020 : Optimized 131 distributor mux.
SYN-1019 : Optimized 32 mux instances.
SYN-1016 : Merged 359 instances.
SYN-1015 : Optimize round 1, 3802 better
SYN-1014 : Optimize round 2
SYN-1044 : Optimized 7 inv instances.
SYN-1032 : 21090/43 useful/useless nets, 20728/248 useful/useless insts
SYN-1017 : Remove 2 const input seq instances
SYN-1002 :     Interconncet/SlaveMUX/reg0_syn_2
SYN-1002 :     u_logic/A3ipw6_reg
SYN-1016 : Merged 1 instances.
SYN-1015 : Optimize round 2, 345 better
SYN-3008 : Optimized 1 const1 DFF(s)
SYN-3008 : Optimized 1 const1 DFF(s)
SYN-3004 : Optimized 1 const0 DFF(s)
SYN-1032 : 21054/33 useful/useless nets, 20692/30 useful/useless insts
SYN-1014 : Optimize round 1
SYN-1044 : Optimized 2 inv instances.
SYN-1032 : 21036/2 useful/useless nets, 20674/1 useful/useless insts
SYN-1016 : Merged 1 instances.
SYN-1015 : Optimize round 1, 23 better
SYN-1014 : Optimize round 2
SYN-1015 : Optimize round 2, 0 better
RUN-1003 : finish command "optimize_rtl" in  3.196703s wall, 2.968750s user + 0.218750s system = 3.187500s CPU (99.7%)

RUN-1004 : used memory is 193 MB, reserved memory is 174 MB, peak memory is 312 MB
RUN-1002 : start command "report_area -file Task4_rtl.area"
RUN-1001 : standard
***Report Model: CortexM0_SoC Device: EG4X20BG256***

IO Statistics
#IO                        20
  #input                    7
  #output                  12
  #inout                    1

Gate Statistics
#Basic gates            20295
  #and                   9586
  #nand                     0
  #or                    1975
  #nor                      0
  #xor                     72
  #xnor                     0
  #buf                      0
  #not                   6509
  #bufif1                   1
  #MX21                   610
  #FADD                     0
  #DFF                   1542
  #LATCH                    0
#MACRO_ADD                 12
#MACRO_EQ                  46
#MACRO_MULT                 1
#MACRO_MUX                309
#MACRO_OTHERS               8

Report Hierarchy Area:
+----------------------------------------------------------------------------------+
|Instance                            |Module               |gates  |seq    |macros |
+----------------------------------------------------------------------------------+
|top                                 |CortexM0_SoC         |18753  |1542   |67     |
|  Interconncet                      |AHBlite_Interconnect |36     |3      |3      |
|    Decoder                         |AHBlite_Decoder      |0      |0      |3      |
|    SlaveMUX                        |AHBlite_SlaveMUX     |36     |3      |0      |
|  RAMCODE_Interface                 |AHBlite_Block_RAM    |17     |17     |0      |
|  RAMDATA_Interface                 |AHBlite_Block_RAM    |5      |17     |0      |
|  RAM_CODE                          |Block_RAM            |0      |0      |4      |
|  RAM_DATA                          |Block_RAM            |0      |0      |4      |
|  WaterFlow_inst                    |WaterFlow            |49     |49     |2      |
|  WaterLight_Interface              |AHBlite_WaterLight   |7      |42     |0      |
|  key_filter_gen[0]$key_filter_inst |key_filter           |48     |28     |10     |
|    key_neg_inst                    |genpart_sync         |2      |3      |0      |
|    key_pos_inst                    |genpart_sync         |2      |0      |0      |
|  key_filter_gen[1]$key_filter_inst |key_filter           |48     |28     |10     |
|    key_neg_inst                    |genpart_sync         |2      |3      |0      |
|    key_pos_inst                    |genpart_sync         |2      |0      |0      |
|  key_filter_gen[2]$key_filter_inst |key_filter           |48     |28     |10     |
|    key_neg_inst                    |genpart_sync         |2      |3      |0      |
|    key_pos_inst                    |genpart_sync         |2      |0      |0      |
|  key_filter_gen[3]$key_filter_inst |key_filter           |48     |28     |10     |
|    key_neg_inst                    |genpart_sync         |2      |3      |0      |
|    key_pos_inst                    |genpart_sync         |2      |0      |0      |
|  u_logic                           |cortexm0ds_logic     |18445  |1300   |14     |
+----------------------------------------------------------------------------------+

RUN-1002 : start command "export_db Task4_rtl.db"
RUN-1001 : Exported /
RUN-1001 : Exported flow parameters
RUN-1001 : Exported libs
RUN-1001 : Exported entities
RUN-1001 : Exported ports
RUN-1001 : Exported pins
RUN-1001 : Exported instances
RUN-1001 : Exported nets
RUN-1001 : Exported buses
RUN-1001 : Exported models
RUN-1001 : Exported congestions
RUN-1001 : Exported violations
RUN-1001 : Exported IO constraints
RUN-1001 : Exported Inst constraints
RUN-1002 : start command "optimize_gate -maparea Task4_gate.area"
RUN-1001 : Open license file C:/Anlogic/TD_5.6.5_Release_119.222/license/Anlogic.lic
RUN-1001 : Print Global Property
RUN-1001 : ---------------------------------------------------------------
RUN-1001 :        Parameters        |  Settings  |  Default Values  |  Note  
RUN-1001 : ---------------------------------------------------------------
RUN-1001 :          message         |  standard  |     standard     |        
RUN-1001 :   mixed_pack_place_flow  |     on     |        on        |        
RUN-1001 :        qor_monitor       |    off     |       off        |        
RUN-1001 :        syn_ip_flow       |    off     |       off        |        
RUN-1001 :          thread          |    auto    |       auto       |        
RUN-1001 : ---------------------------------------------------------------
RUN-1001 : Print Gate Property
RUN-1001 : ------------------------------------------------------------------
RUN-1001 :          Parameters         |  Settings  |  Default Values  |  Note  
RUN-1001 : ------------------------------------------------------------------
RUN-1001 :         cascade_dsp         |    off     |       off        |        
RUN-1001 :         cascade_eram        |    off     |       off        |        
RUN-1001 :        gate_sim_model       |    off     |       off        |        
RUN-1001 :        map_sim_model        |    off     |       off        |        
RUN-1001 :         map_strategy        |     1      |        1         |        
RUN-1001 :           opt_area          |   medium   |      medium      |        
RUN-1001 :          opt_timing         |    auto    |       auto       |        
RUN-1001 :         pack_effort         |   medium   |      medium      |        
RUN-1001 :      pack_lslice_ripple     |     on     |        on        |        
RUN-1001 :   pack_lslice_ripple_ratio  |    0.5     |       0.5        |        
RUN-1001 :        pack_seq_in_io       |    auto    |       auto       |        
RUN-1001 :        ph1_mux_ratio        |    1.0     |       1.0        |        
RUN-1001 :            report           |  standard  |     standard     |        
RUN-1001 :           retiming          |    off     |       off        |        
RUN-1001 : ------------------------------------------------------------------
SYN-2001 : Map 20 IOs to PADs
SYN-1032 : 21050/5 useful/useless nets, 20687/6 useful/useless insts
RUN-1002 : start command "update_pll_param -module CortexM0_SoC"
SYN-2501 : Processed 0 LOGIC_BUF instances.
SYN-2595 : bram inst: RAM_CODE/ramread0_syn_15 is set to PDPW/SP from DP for resource saving
SYN-2595 : bram inst: RAM_CODE/ramread0_syn_20 is set to PDPW/SP from DP for resource saving
SYN-2595 : bram inst: RAM_CODE/ramread0_syn_25 is set to PDPW/SP from DP for resource saving
SYN-2595 : bram inst: RAM_CODE/ramread0_syn_30 is set to PDPW/SP from DP for resource saving
SYN-2595 : bram inst: RAM_DATA/ramread0_syn_15 is set to PDPW/SP from DP for resource saving
SYN-2595 : bram inst: RAM_DATA/ramread0_syn_20 is set to PDPW/SP from DP for resource saving
SYN-2595 : bram inst: RAM_DATA/ramread0_syn_25 is set to PDPW/SP from DP for resource saving
SYN-2595 : bram inst: RAM_DATA/ramread0_syn_30 is set to PDPW/SP from DP for resource saving
SYN-2512 : LOGIC BRAM "RAM_CODE/ramread0_syn_32"
SYN-2512 : LOGIC BRAM "RAM_CODE/ramread0_syn_34"
SYN-2512 : LOGIC BRAM "RAM_CODE/ramread0_syn_36"
SYN-2512 : LOGIC BRAM "RAM_CODE/ramread0_syn_38"
SYN-2512 : LOGIC BRAM "RAM_DATA/ramread0_syn_32"
SYN-2512 : LOGIC BRAM "RAM_DATA/ramread0_syn_34"
SYN-2512 : LOGIC BRAM "RAM_DATA/ramread0_syn_36"
SYN-2512 : LOGIC BRAM "RAM_DATA/ramread0_syn_38"
SYN-2571 : Map 1 macro multiplier
SYN-2571 : Optimize after map_dsp, round 1
SYN-1032 : 21158/68 useful/useless nets, 20708/1 useful/useless insts
SYN-1016 : Merged 15 instances.
SYN-2571 : Optimize after map_dsp, round 1, 84 better
SYN-2571 : Optimize after map_dsp, round 2
SYN-2571 : Optimize after map_dsp, round 2, 0 better
SYN-1001 : Throwback 102 control mux instances
SYN-2501 : Optimize round 1
SYN-1016 : Merged 30 instances.
SYN-2501 : Optimize round 1, 235 better
SYN-2501 : Optimize round 2
SYN-2501 : Optimize round 2, 0 better
SYN-2501 : Map 13 macro adder
SYN-1016 : Merged 13 instances.
SYN-1032 : 22074/2 useful/useless nets, 21692/0 useful/useless insts
SYN-3001 : Running gate level optimization.
SYN-2581 : Mapping with K=5, #lut = 5138 (3.71), #lev = 19 (8.52)
SYN-2551 : Post LUT mapping optimization.
SYN-2581 : Mapping with K=5, #lut = 5094 (3.72), #lev = 17 (8.18)
SYN-3001 : Logic optimization runtime opt =   0.66 sec, map =   0.00 sec
SYN-3001 : Mapper mapped 19831 instances into 5096 LUTs, name keeping = 37%.
RUN-1002 : start command "report_area -file Task4_gate.area"
RUN-1001 : standard
***Report Model: CortexM0_SoC Device: EG4X20BG256***

IO Statistics
#IO                        20
  #input                    7
  #output                  12
  #inout                    1

LUT Statistics
#Total_luts              5386
  #lut4                  4320
  #lut5                   776
  #lut6                     0
  #lut5_mx41                0
  #lut4_alu1b             290

Utilization Statistics
#lut                     5386   out of  19600   27.48%
#reg                     1537   out of  19600    7.84%
#le                         0
#dsp                        3   out of     29   10.34%
#bram                       0   out of     64    0.00%
  #bram9k                   0
  #fifo9k                   0
#bram32k                    8   out of     16   50.00%
#pad                       20   out of    188   10.64%
  #ireg                     5
  #oreg                     0
  #treg                     0
#pll                        0   out of      4    0.00%

Report Hierarchy Area:
+-------------------------------------------------------------------------------------------------------+
|Instance                            |Module               |lut     |ripple  |seq     |bram    |dsp     |
+-------------------------------------------------------------------------------------------------------+
|top                                 |CortexM0_SoC         |5096    |290     |1542    |8       |3       |
|  Interconncet                      |AHBlite_Interconnect |1       |0       |3       |0       |0       |
|    SlaveMUX                        |AHBlite_SlaveMUX     |1       |0       |3       |0       |0       |
|  RAMCODE_Interface                 |AHBlite_Block_RAM    |11      |0       |17      |0       |0       |
|  RAMDATA_Interface                 |AHBlite_Block_RAM    |25      |0       |17      |0       |0       |
|  RAM_CODE                          |Block_RAM            |4       |0       |0       |4       |0       |
|  RAM_DATA                          |Block_RAM            |4       |0       |0       |4       |0       |
|  WaterFlow_inst                    |WaterFlow            |83      |33      |49      |0       |0       |
|  WaterLight_Interface              |AHBlite_WaterLight   |9       |0       |42      |0       |0       |
|  key_filter_gen[0]$key_filter_inst |key_filter           |37      |21      |27      |0       |0       |
|    key_neg_inst                    |genpart_sync         |0       |0       |2       |0       |0       |
|  key_filter_gen[1]$key_filter_inst |key_filter           |37      |21      |27      |0       |0       |
|    key_neg_inst                    |genpart_sync         |0       |0       |2       |0       |0       |
|  key_filter_gen[2]$key_filter_inst |key_filter           |37      |21      |27      |0       |0       |
|    key_neg_inst                    |genpart_sync         |0       |0       |2       |0       |0       |
|  key_filter_gen[3]$key_filter_inst |key_filter           |37      |21      |27      |0       |0       |
|    key_neg_inst                    |genpart_sync         |0       |0       |2       |0       |0       |
|  u_logic                           |cortexm0ds_logic     |4802    |173     |1299    |0       |3       |
+-------------------------------------------------------------------------------------------------------+

SYN-1001 : Packing model "CortexM0_SoC" ...
SYN-4010 : Pack lib has 58 rtl pack models with 25 top pack blocks
SYN-1014 : Optimize round 1
SYN-1015 : Optimize round 1, 0 better
SYN-4002 : Packing 1537 DFF/LATCH to SEQ ...
SYN-4009 : Pack 5 carry chain into lslice
SYN-4007 : Packing 135 adder to BLE ...
SYN-4008 : Packed 135 adder and 0 SEQ to BLE.
SYN-4007 : Packing 0 gate4 to BLE ...
SYN-4008 : Packed 0 gate4 and 0 SEQ to BLE.
SYN-4012 : Packed 0 FxMUX
RUN-1003 : finish command "optimize_gate -maparea Task4_gate.area" in  5.710946s wall, 5.656250s user + 0.062500s system = 5.718750s CPU (100.1%)

RUN-1004 : used memory is 210 MB, reserved memory is 182 MB, peak memory is 312 MB
RUN-1002 : start command "legalize_phy_inst"
SYN-1011 : Flatten model CortexM0_SoC
RUN-1002 : start command "export_db Task4_gate.db"
RUN-1001 : Exported /
RUN-1001 : Exported flow parameters
RUN-1001 : Exported libs
RUN-1001 : Exported entities
RUN-1001 : Exported ports
RUN-1001 : Exported pins
RUN-1001 : Exported instances
RUN-1001 : Exported nets
RUN-1001 : Exported buses
RUN-1001 : Exported models
RUN-1001 : Exported congestions
RUN-1001 : Exported violations
RUN-1001 : Exported IO constraints
RUN-1001 : Exported Inst constraints
RUN-1002 : start command "backup_run_log run.log ../.logs/syn_1/td_20260415_000344.log"
RUN-1001 : Backing up run's log file succeed.
